#
# There is insufficient memory for the Java Runtime Environment to continue.
# Native memory allocation (malloc) failed to allocate 32744 bytes for ChunkPool::allocate
# Possible reasons:
#   The system is out of physical RAM or swap space
#   The process is running with CompressedOops enabled, and the Java Heap may be blocking the growth of the native heap
# Possible solutions:
#   Reduce memory load on the system
#   Increase physical memory or swap space
#   Check if swap backing store is full
#   Decrease Java heap size (-Xmx/-Xms)
#   Decrease number of Java threads
#   Decrease Java thread stack sizes (-Xss)
#   Set larger code cache with -XX:ReservedCodeCacheSize=
#   JVM is running with Zero Based Compressed Oops mode in which the Java heap is
#     placed in the first 32GB address space. The Java Heap base address is the
#     maximum limit for the native heap growth. Please use -XX:HeapBaseMinAddress
#     to set the Java Heap base and to place the Java Heap above 32GB virtual address.
# This output file may be truncated or incomplete.
#
#  Out of Memory Error (c:/cygwin64/tmp/openjdk-jdk11u-windows-x64-hotspot/workspace/build/src/src/hotspot/share/memory/arena.cpp:81), pid=57428, tid=63132
#
# JRE version: OpenJDK Runtime Environment (11.0.3+7) (build 11.0.3+7)
# Java VM: OpenJDK 64-Bit Server VM (11.0.3+7, mixed mode, tiered, compressed oops, g1 gc, windows-amd64)
# No core dump will be written. Minidumps are not enabled by default on client versions of Windows
#

---------------  S U M M A R Y ------------

Command Line: -Dfile.encoding=Cp1252 com.cartexample.app.HelloWorldSpringBoot

Host: Intel(R) Core(TM) i7-8565U CPU @ 1.80GHz, 8 cores, 15G,  Windows 10 , 64 bit Build 17763 (10.0.17763.1339)
Time: Wed Oct  7 12:36:37 2020 Malay Peninsula Standard Time elapsed time: 5 seconds (0d 0h 0m 5s)

---------------  T H R E A D  ---------------

Current thread (0x00000227aaf0c000):  JavaThread "C1 CompilerThread0" daemon [_thread_in_native, id=63132, stack(0x000000e93d700000,0x000000e93d800000)]


Current CompileTask:
C1:   5925 4020       3       java.net.URLStreamHandler::parseURL (1201 bytes)

Stack: [0x000000e93d700000,0x000000e93d800000]
Native frames: (J=compiled Java code, j=interpreted, Vv=VM code, C=native code)
V  [jvm.dll+0x5d6c1a]
V  [jvm.dll+0x70ac7f]
V  [jvm.dll+0x70c30b]
V  [jvm.dll+0x70c9d3]
V  [jvm.dll+0x23f608]
V  [jvm.dll+0xb9a5b]
V  [jvm.dll+0xb9dbc]
V  [jvm.dll+0x17c50b]
V  [jvm.dll+0x137a4e]
V  [jvm.dll+0x12b545]
V  [jvm.dll+0x1295d4]
V  [jvm.dll+0x122fec]
V  [jvm.dll+0x1333e7]
V  [jvm.dll+0x11e1b9]
V  [jvm.dll+0x11e520]
V  [jvm.dll+0x11e7df]
V  [jvm.dll+0x11da87]
V  [jvm.dll+0x11f997]
V  [jvm.dll+0x207cb7]
V  [jvm.dll+0x20621e]
V  [jvm.dll+0x6d397c]
V  [jvm.dll+0x6cc9cc]
V  [jvm.dll+0x5d5e96]
C  [ucrtbase.dll+0x21ffa]
C  [KERNEL32.DLL+0x17974]
C  [ntdll.dll+0x6a271]


---------------  P R O C E S S  ---------------

Threads class SMR info:
_java_thread_list=0x00000227ae2aa9d0, length=16, elements={
0x0000022786269000, 0x00000227aae71800, 0x00000227aae9b800, 0x00000227aaef8800,
0x00000227aaef9800, 0x00000227aaefc000, 0x00000227aaf0c000, 0x00000227aaf0d000,
0x00000227ab06e800, 0x00000227ab073000, 0x00000227ab54b000, 0x00000227adcd7000,
0x00000227ade6a800, 0x00000227ae1d6000, 0x00000227ae04c800, 0x00000227aec9c800
}

Java Threads: ( => current thread )
  0x0000022786269000 JavaThread "main" [_thread_in_Java, id=87752, stack(0x000000e93cb00000,0x000000e93cc00000)]
  0x00000227aae71800 JavaThread "Reference Handler" daemon [_thread_blocked, id=65472, stack(0x000000e93d200000,0x000000e93d300000)]
  0x00000227aae9b800 JavaThread "Finalizer" daemon [_thread_blocked, id=30124, stack(0x000000e93d300000,0x000000e93d400000)]
  0x00000227aaef8800 JavaThread "Signal Dispatcher" daemon [_thread_blocked, id=58248, stack(0x000000e93d400000,0x000000e93d500000)]
  0x00000227aaef9800 JavaThread "Attach Listener" daemon [_thread_blocked, id=39008, stack(0x000000e93d500000,0x000000e93d600000)]
  0x00000227aaefc000 JavaThread "C2 CompilerThread0" daemon [_thread_in_native, id=81472, stack(0x000000e93d600000,0x000000e93d700000)]
=>0x00000227aaf0c000 JavaThread "C1 CompilerThread0" daemon [_thread_in_native, id=63132, stack(0x000000e93d700000,0x000000e93d800000)]
  0x00000227aaf0d000 JavaThread "Sweeper thread" daemon [_thread_blocked, id=82388, stack(0x000000e93d800000,0x000000e93d900000)]
  0x00000227ab06e800 JavaThread "Service Thread" daemon [_thread_blocked, id=58952, stack(0x000000e93d900000,0x000000e93da00000)]
  0x00000227ab073000 JavaThread "Common-Cleaner" daemon [_thread_blocked, id=85116, stack(0x000000e93db00000,0x000000e93dc00000)]
  0x00000227ab54b000 JavaThread "C2 CompilerThread1" daemon [_thread_in_native, id=30520, stack(0x000000e93dc00000,0x000000e93dd00000)]
  0x00000227adcd7000 JavaThread "C2 CompilerThread2" daemon [_thread_in_native, id=83804, stack(0x000000e93e200000,0x000000e93e300000)]
  0x00000227ade6a800 JavaThread "MVStore background writer nio:C:/data/sample.mv.db" daemon [_thread_blocked, id=6512, stack(0x000000e93e400000,0x000000e93e500000)]
  0x00000227ae1d6000 JavaThread "Catalina-utility-1" [_thread_blocked, id=26472, stack(0x000000e93e500000,0x000000e93e600000)]
  0x00000227ae04c800 JavaThread "Catalina-utility-2" [_thread_blocked, id=16524, stack(0x000000e93e600000,0x000000e93e700000)]
  0x00000227aec9c800 JavaThread "container-0" [_thread_blocked, id=18736, stack(0x000000e93e700000,0x000000e93e800000)]

Other Threads:
  0x00000227aae6d000 VMThread "VM Thread" [stack: 0x000000e93d100000,0x000000e93d200000] [id=21964]
  0x00000227ab072800 WatcherThread [stack: 0x000000e93da00000,0x000000e93db00000] [id=20992]
  0x0000022786282800 GCTaskThread "GC Thread#0" [stack: 0x000000e93cc00000,0x000000e93cd00000] [id=78080]
  0x00000227ac048000 GCTaskThread "GC Thread#1" [stack: 0x000000e93dd00000,0x000000e93de00000] [id=64836]
  0x00000227ac049000 GCTaskThread "GC Thread#2" [stack: 0x000000e93de00000,0x000000e93df00000] [id=6288]
  0x00000227abf3b800 GCTaskThread "GC Thread#3" [stack: 0x000000e93df00000,0x000000e93e000000] [id=62188]
  0x00000227abf3c000 GCTaskThread "GC Thread#4" [stack: 0x000000e93e000000,0x000000e93e100000] [id=71536]
  0x00000227abf3d000 GCTaskThread "GC Thread#5" [stack: 0x000000e93e100000,0x000000e93e200000] [id=76572]
  0x00000227ada6f800 GCTaskThread "GC Thread#6" [stack: 0x000000e93e800000,0x000000e93e900000] [id=86264]
  0x00000227aec5a000 GCTaskThread "GC Thread#7" [stack: 0x000000e93e900000,0x000000e93ea00000] [id=76112]
  0x00000227862be800 ConcurrentGCThread "G1 Main Marker" [stack: 0x000000e93cd00000,0x000000e93ce00000] [id=41436]
  0x00000227a7b22800 ConcurrentGCThread "G1 Conc#0" [stack: 0x000000e93ce00000,0x000000e93cf00000] [id=51588]
  0x00000227abe23800 ConcurrentGCThread "G1 Conc#1" [stack: 0x000000e93e300000,0x000000e93e400000] [id=56236]
  0x00000227a7c50800 ConcurrentGCThread "G1 Refine#0" [stack: 0x000000e93cf00000,0x000000e93d000000] [id=19968]
  0x00000227a7c51800 ConcurrentGCThread "G1 Young RemSet Sampling" [stack: 0x000000e93d000000,0x000000e93d100000] [id=52896]

Threads with active compile tasks:
C2 CompilerThread03907       4       org.springframework.core.annotation.AnnotationsScanner::getDeclaredAnnotations (166 bytes)
C1 CompilerThread04020       3       java.net.URLStreamHandler::parseURL (1201 bytes)
C2 CompilerThread13914       4       org.springframework.beans.factory.support.AbstractBeanFactory::isTypeMatch (607 bytes)
C2 CompilerThread23868   !   4       jdk.internal.loader.BuiltinClassLoader::loadClassOrNull (143 bytes)

VM state:not at safepoint (normal execution)

VM Mutex/Monitor currently owned by a thread: None

Heap address: 0x0000000702000000, size: 4064 MB, Compressed Oops mode: Zero based, Oop shift amount: 3
Narrow klass base: 0x0000000800000000, Narrow klass shift: 0
Compressed class space size: 1073741824 Address: 0x0000000800000000

Heap:
 garbage-first heap   total 260096K, used 24024K [0x0000000702000000, 0x0000000800000000)
  region size 1024K, 16 young (16384K), 10 survivors (10240K)
 Metaspace       used 47503K, capacity 48473K, committed 48632K, reserved 1091584K
  class space    used 5464K, capacity 5858K, committed 5888K, reserved 1048576K
Heap Regions: E=young(eden), S=young(survivor), O=old, HS=humongous(starts), HC=humongous(continues), CS=collection set, F=free, A=archive, TAMS=top-at-mark-start (previous, next)
|   0|0x0000000702000000, 0x0000000702100000, 0x0000000702100000|100%|HS|  |TAMS 0x0000000702100000, 0x0000000702000000| Complete 
|   1|0x0000000702100000, 0x0000000702200000, 0x0000000702200000|100%| O|  |TAMS 0x0000000702200000, 0x0000000702100000| Untracked 
|   2|0x0000000702200000, 0x0000000702300000, 0x0000000702300000|100%| O|  |TAMS 0x0000000702300000, 0x0000000702200000| Untracked 
|   3|0x0000000702300000, 0x0000000702400000, 0x0000000702400000|100%| O|  |TAMS 0x0000000702400000, 0x0000000702300000| Untracked 
|   4|0x0000000702400000, 0x0000000702500000, 0x0000000702500000|100%| O|  |TAMS 0x0000000702500000, 0x0000000702400000| Untracked 
|   5|0x0000000702500000, 0x0000000702600000, 0x0000000702600000|100%| O|  |TAMS 0x0000000702600000, 0x0000000702500000| Untracked 
|   6|0x0000000702600000, 0x0000000702676000, 0x0000000702700000| 46%| O|  |TAMS 0x0000000702676000, 0x0000000702600000| Untracked 
|   7|0x0000000702700000, 0x0000000702800000, 0x0000000702800000|100%|HS|  |TAMS 0x0000000702700000, 0x0000000702700000| Complete 
|   8|0x0000000702800000, 0x0000000702900000, 0x0000000702900000|100%|HC|  |TAMS 0x0000000702800000, 0x0000000702800000| Complete 
|   9|0x0000000702900000, 0x0000000702900000, 0x0000000702a00000|  0%| F|  |TAMS 0x0000000702900000, 0x0000000702900000| Untracked 
|  10|0x0000000702a00000, 0x0000000702a00000, 0x0000000702b00000|  0%| F|  |TAMS 0x0000000702a00000, 0x0000000702a00000| Untracked 
|  11|0x0000000702b00000, 0x0000000702b00000, 0x0000000702c00000|  0%| F|  |TAMS 0x0000000702b00000, 0x0000000702b00000| Untracked 
|  12|0x0000000702c00000, 0x0000000702c00000, 0x0000000702d00000|  0%| F|  |TAMS 0x0000000702c00000, 0x0000000702c00000| Untracked 
|  13|0x0000000702d00000, 0x0000000702d00000, 0x0000000702e00000|  0%| F|  |TAMS 0x0000000702d00000, 0x0000000702d00000| Untracked 
|  14|0x0000000702e00000, 0x0000000702e00000, 0x0000000702f00000|  0%| F|  |TAMS 0x0000000702e00000, 0x0000000702e00000| Untracked 
|  15|0x0000000702f00000, 0x0000000702f00000, 0x0000000703000000|  0%| F|  |TAMS 0x0000000702f00000, 0x0000000702f00000| Untracked 
|  16|0x0000000703000000, 0x0000000703000000, 0x0000000703100000|  0%| F|  |TAMS 0x0000000703000000, 0x0000000703000000| Untracked 
|  17|0x0000000703100000, 0x0000000703100000, 0x0000000703200000|  0%| F|  |TAMS 0x0000000703100000, 0x0000000703100000| Untracked 
|  18|0x0000000703200000, 0x0000000703200000, 0x0000000703300000|  0%| F|  |TAMS 0x0000000703200000, 0x0000000703200000| Untracked 
|  19|0x0000000703300000, 0x0000000703300000, 0x0000000703400000|  0%| F|  |TAMS 0x0000000703300000, 0x0000000703300000| Untracked 
|  20|0x0000000703400000, 0x0000000703400000, 0x0000000703500000|  0%| F|  |TAMS 0x0000000703400000, 0x0000000703400000| Untracked 
|  21|0x0000000703500000, 0x0000000703500000, 0x0000000703600000|  0%| F|  |TAMS 0x0000000703500000, 0x0000000703500000| Untracked 
|  22|0x0000000703600000, 0x0000000703600000, 0x0000000703700000|  0%| F|  |TAMS 0x0000000703600000, 0x0000000703600000| Untracked 
|  23|0x0000000703700000, 0x0000000703700000, 0x0000000703800000|  0%| F|  |TAMS 0x0000000703700000, 0x0000000703700000| Untracked 
|  24|0x0000000703800000, 0x0000000703800000, 0x0000000703900000|  0%| F|  |TAMS 0x0000000703800000, 0x0000000703800000| Untracked 
|  25|0x0000000703900000, 0x0000000703900000, 0x0000000703a00000|  0%| F|  |TAMS 0x0000000703900000, 0x0000000703900000| Untracked 
|  26|0x0000000703a00000, 0x0000000703a00000, 0x0000000703b00000|  0%| F|  |TAMS 0x0000000703a00000, 0x0000000703a00000| Untracked 
|  27|0x0000000703b00000, 0x0000000703b00000, 0x0000000703c00000|  0%| F|  |TAMS 0x0000000703b00000, 0x0000000703b00000| Untracked 
|  28|0x0000000703c00000, 0x0000000703c00000, 0x0000000703d00000|  0%| F|  |TAMS 0x0000000703c00000, 0x0000000703c00000| Untracked 
|  29|0x0000000703d00000, 0x0000000703d00000, 0x0000000703e00000|  0%| F|  |TAMS 0x0000000703d00000, 0x0000000703d00000| Untracked 
|  30|0x0000000703e00000, 0x0000000703e00000, 0x0000000703f00000|  0%| F|  |TAMS 0x0000000703e00000, 0x0000000703e00000| Untracked 
|  31|0x0000000703f00000, 0x0000000703f00000, 0x0000000704000000|  0%| F|  |TAMS 0x0000000703f00000, 0x0000000703f00000| Untracked 
|  32|0x0000000704000000, 0x0000000704000000, 0x0000000704100000|  0%| F|  |TAMS 0x0000000704000000, 0x0000000704000000| Untracked 
|  33|0x0000000704100000, 0x0000000704100000, 0x0000000704200000|  0%| F|  |TAMS 0x0000000704100000, 0x0000000704100000| Untracked 
|  34|0x0000000704200000, 0x0000000704200000, 0x0000000704300000|  0%| F|  |TAMS 0x0000000704200000, 0x0000000704200000| Untracked 
|  35|0x0000000704300000, 0x0000000704300000, 0x0000000704400000|  0%| F|  |TAMS 0x0000000704300000, 0x0000000704300000| Untracked 
|  36|0x0000000704400000, 0x0000000704400000, 0x0000000704500000|  0%| F|  |TAMS 0x0000000704400000, 0x0000000704400000| Untracked 
|  37|0x0000000704500000, 0x0000000704500000, 0x0000000704600000|  0%| F|  |TAMS 0x0000000704500000, 0x0000000704500000| Untracked 
|  38|0x0000000704600000, 0x0000000704600000, 0x0000000704700000|  0%| F|  |TAMS 0x0000000704600000, 0x0000000704600000| Untracked 
|  39|0x0000000704700000, 0x0000000704700000, 0x0000000704800000|  0%| F|  |TAMS 0x0000000704700000, 0x0000000704700000| Untracked 
|  40|0x0000000704800000, 0x0000000704800000, 0x0000000704900000|  0%| F|  |TAMS 0x0000000704800000, 0x0000000704800000| Untracked 
|  41|0x0000000704900000, 0x0000000704900000, 0x0000000704a00000|  0%| F|  |TAMS 0x0000000704900000, 0x0000000704900000| Untracked 
|  42|0x0000000704a00000, 0x0000000704a00000, 0x0000000704b00000|  0%| F|  |TAMS 0x0000000704a00000, 0x0000000704a00000| Untracked 
|  43|0x0000000704b00000, 0x0000000704b00000, 0x0000000704c00000|  0%| F|  |TAMS 0x0000000704b00000, 0x0000000704b00000| Untracked 
|  44|0x0000000704c00000, 0x0000000704c00000, 0x0000000704d00000|  0%| F|  |TAMS 0x0000000704c00000, 0x0000000704c00000| Untracked 
|  45|0x0000000704d00000, 0x0000000704d00000, 0x0000000704e00000|  0%| F|  |TAMS 0x0000000704d00000, 0x0000000704d00000| Untracked 
|  46|0x0000000704e00000, 0x0000000704e00000, 0x0000000704f00000|  0%| F|  |TAMS 0x0000000704e00000, 0x0000000704e00000| Untracked 
|  47|0x0000000704f00000, 0x0000000704f00000, 0x0000000705000000|  0%| F|  |TAMS 0x0000000704f00000, 0x0000000704f00000| Untracked 
|  48|0x0000000705000000, 0x0000000705000000, 0x0000000705100000|  0%| F|  |TAMS 0x0000000705000000, 0x0000000705000000| Untracked 
|  49|0x0000000705100000, 0x0000000705100000, 0x0000000705200000|  0%| F|  |TAMS 0x0000000705100000, 0x0000000705100000| Untracked 
|  50|0x0000000705200000, 0x0000000705200000, 0x0000000705300000|  0%| F|  |TAMS 0x0000000705200000, 0x0000000705200000| Untracked 
|  51|0x0000000705300000, 0x0000000705300000, 0x0000000705400000|  0%| F|  |TAMS 0x0000000705300000, 0x0000000705300000| Untracked 
|  52|0x0000000705400000, 0x0000000705400000, 0x0000000705500000|  0%| F|  |TAMS 0x0000000705400000, 0x0000000705400000| Untracked 
|  53|0x0000000705500000, 0x0000000705500000, 0x0000000705600000|  0%| F|  |TAMS 0x0000000705500000, 0x0000000705500000| Untracked 
|  54|0x0000000705600000, 0x0000000705600000, 0x0000000705700000|  0%| F|  |TAMS 0x0000000705600000, 0x0000000705600000| Untracked 
|  55|0x0000000705700000, 0x0000000705700000, 0x0000000705800000|  0%| F|  |TAMS 0x0000000705700000, 0x0000000705700000| Untracked 
|  56|0x0000000705800000, 0x0000000705800000, 0x0000000705900000|  0%| F|  |TAMS 0x0000000705800000, 0x0000000705800000| Untracked 
|  57|0x0000000705900000, 0x0000000705900000, 0x0000000705a00000|  0%| F|  |TAMS 0x0000000705900000, 0x0000000705900000| Untracked 
|  58|0x0000000705a00000, 0x0000000705a00000, 0x0000000705b00000|  0%| F|  |TAMS 0x0000000705a00000, 0x0000000705a00000| Untracked 
|  59|0x0000000705b00000, 0x0000000705b00000, 0x0000000705c00000|  0%| F|  |TAMS 0x0000000705b00000, 0x0000000705b00000| Untracked 
|  60|0x0000000705c00000, 0x0000000705c00000, 0x0000000705d00000|  0%| F|  |TAMS 0x0000000705c00000, 0x0000000705c00000| Untracked 
|  61|0x0000000705d00000, 0x0000000705d00000, 0x0000000705e00000|  0%| F|  |TAMS 0x0000000705d00000, 0x0000000705d00000| Untracked 
|  62|0x0000000705e00000, 0x0000000705e00000, 0x0000000705f00000|  0%| F|  |TAMS 0x0000000705e00000, 0x0000000705e00000| Untracked 
|  63|0x0000000705f00000, 0x0000000705f00000, 0x0000000706000000|  0%| F|  |TAMS 0x0000000705f00000, 0x0000000705f00000| Untracked 
|  64|0x0000000706000000, 0x0000000706000000, 0x0000000706100000|  0%| F|  |TAMS 0x0000000706000000, 0x0000000706000000| Untracked 
|  65|0x0000000706100000, 0x0000000706100000, 0x0000000706200000|  0%| F|  |TAMS 0x0000000706100000, 0x0000000706100000| Untracked 
|  66|0x0000000706200000, 0x0000000706200000, 0x0000000706300000|  0%| F|  |TAMS 0x0000000706200000, 0x0000000706200000| Untracked 
|  67|0x0000000706300000, 0x0000000706300000, 0x0000000706400000|  0%| F|  |TAMS 0x0000000706300000, 0x0000000706300000| Untracked 
|  68|0x0000000706400000, 0x0000000706400000, 0x0000000706500000|  0%| F|  |TAMS 0x0000000706400000, 0x0000000706400000| Untracked 
|  69|0x0000000706500000, 0x0000000706500000, 0x0000000706600000|  0%| F|  |TAMS 0x0000000706500000, 0x0000000706500000| Untracked 
|  70|0x0000000706600000, 0x0000000706600000, 0x0000000706700000|  0%| F|  |TAMS 0x0000000706600000, 0x0000000706600000| Untracked 
|  71|0x0000000706700000, 0x0000000706700000, 0x0000000706800000|  0%| F|  |TAMS 0x0000000706700000, 0x0000000706700000| Untracked 
|  72|0x0000000706800000, 0x0000000706800000, 0x0000000706900000|  0%| F|  |TAMS 0x0000000706800000, 0x0000000706800000| Untracked 
|  73|0x0000000706900000, 0x0000000706900000, 0x0000000706a00000|  0%| F|  |TAMS 0x0000000706900000, 0x0000000706900000| Untracked 
|  74|0x0000000706a00000, 0x0000000706a00000, 0x0000000706b00000|  0%| F|  |TAMS 0x0000000706a00000, 0x0000000706a00000| Untracked 
|  75|0x0000000706b00000, 0x0000000706b00000, 0x0000000706c00000|  0%| F|  |TAMS 0x0000000706b00000, 0x0000000706b00000| Untracked 
|  76|0x0000000706c00000, 0x0000000706c00000, 0x0000000706d00000|  0%| F|  |TAMS 0x0000000706c00000, 0x0000000706c00000| Untracked 
|  77|0x0000000706d00000, 0x0000000706d00000, 0x0000000706e00000|  0%| F|  |TAMS 0x0000000706d00000, 0x0000000706d00000| Untracked 
|  78|0x0000000706e00000, 0x0000000706e00000, 0x0000000706f00000|  0%| F|  |TAMS 0x0000000706e00000, 0x0000000706e00000| Untracked 
|  79|0x0000000706f00000, 0x0000000706f00000, 0x0000000707000000|  0%| F|  |TAMS 0x0000000706f00000, 0x0000000706f00000| Untracked 
|  80|0x0000000707000000, 0x0000000707000000, 0x0000000707100000|  0%| F|  |TAMS 0x0000000707000000, 0x0000000707000000| Untracked 
|  81|0x0000000707100000, 0x0000000707100000, 0x0000000707200000|  0%| F|  |TAMS 0x0000000707100000, 0x0000000707100000| Untracked 
|  82|0x0000000707200000, 0x0000000707200000, 0x0000000707300000|  0%| F|  |TAMS 0x0000000707200000, 0x0000000707200000| Untracked 
|  83|0x0000000707300000, 0x0000000707300000, 0x0000000707400000|  0%| F|  |TAMS 0x0000000707300000, 0x0000000707300000| Untracked 
|  84|0x0000000707400000, 0x0000000707400000, 0x0000000707500000|  0%| F|  |TAMS 0x0000000707400000, 0x0000000707400000| Untracked 
|  85|0x0000000707500000, 0x0000000707500000, 0x0000000707600000|  0%| F|  |TAMS 0x0000000707500000, 0x0000000707500000| Untracked 
|  86|0x0000000707600000, 0x0000000707600000, 0x0000000707700000|  0%| F|  |TAMS 0x0000000707600000, 0x0000000707600000| Untracked 
|  87|0x0000000707700000, 0x0000000707700000, 0x0000000707800000|  0%| F|  |TAMS 0x0000000707700000, 0x0000000707700000| Untracked 
|  88|0x0000000707800000, 0x0000000707800000, 0x0000000707900000|  0%| F|  |TAMS 0x0000000707800000, 0x0000000707800000| Untracked 
|  89|0x0000000707900000, 0x0000000707900000, 0x0000000707a00000|  0%| F|  |TAMS 0x0000000707900000, 0x0000000707900000| Untracked 
|  90|0x0000000707a00000, 0x0000000707a00000, 0x0000000707b00000|  0%| F|  |TAMS 0x0000000707a00000, 0x0000000707a00000| Untracked 
|  91|0x0000000707b00000, 0x0000000707b00000, 0x0000000707c00000|  0%| F|  |TAMS 0x0000000707b00000, 0x0000000707b00000| Untracked 
|  92|0x0000000707c00000, 0x0000000707c00000, 0x0000000707d00000|  0%| F|  |TAMS 0x0000000707c00000, 0x0000000707c00000| Untracked 
|  93|0x0000000707d00000, 0x0000000707d00000, 0x0000000707e00000|  0%| F|  |TAMS 0x0000000707d00000, 0x0000000707d00000| Untracked 
|  94|0x0000000707e00000, 0x0000000707e00000, 0x0000000707f00000|  0%| F|  |TAMS 0x0000000707e00000, 0x0000000707e00000| Untracked 
|  95|0x0000000707f00000, 0x0000000707f00000, 0x0000000708000000|  0%| F|  |TAMS 0x0000000707f00000, 0x0000000707f00000| Untracked 
|  96|0x0000000708000000, 0x0000000708000000, 0x0000000708100000|  0%| F|  |TAMS 0x0000000708000000, 0x0000000708000000| Untracked 
|  97|0x0000000708100000, 0x0000000708100000, 0x0000000708200000|  0%| F|  |TAMS 0x0000000708100000, 0x0000000708100000| Untracked 
|  98|0x0000000708200000, 0x0000000708200000, 0x0000000708300000|  0%| F|  |TAMS 0x0000000708200000, 0x0000000708200000| Untracked 
|  99|0x0000000708300000, 0x0000000708300000, 0x0000000708400000|  0%| F|  |TAMS 0x0000000708300000, 0x0000000708300000| Untracked 
| 100|0x0000000708400000, 0x0000000708400000, 0x0000000708500000|  0%| F|  |TAMS 0x0000000708400000, 0x0000000708400000| Untracked 
| 101|0x0000000708500000, 0x0000000708500000, 0x0000000708600000|  0%| F|  |TAMS 0x0000000708500000, 0x0000000708500000| Untracked 
| 102|0x0000000708600000, 0x0000000708600000, 0x0000000708700000|  0%| F|  |TAMS 0x0000000708600000, 0x0000000708600000| Untracked 
| 103|0x0000000708700000, 0x0000000708700000, 0x0000000708800000|  0%| F|  |TAMS 0x0000000708700000, 0x0000000708700000| Untracked 
| 104|0x0000000708800000, 0x0000000708800000, 0x0000000708900000|  0%| F|  |TAMS 0x0000000708800000, 0x0000000708800000| Untracked 
| 105|0x0000000708900000, 0x0000000708900000, 0x0000000708a00000|  0%| F|  |TAMS 0x0000000708900000, 0x0000000708900000| Untracked 
| 106|0x0000000708a00000, 0x0000000708a00000, 0x0000000708b00000|  0%| F|  |TAMS 0x0000000708a00000, 0x0000000708a00000| Untracked 
| 107|0x0000000708b00000, 0x0000000708b00000, 0x0000000708c00000|  0%| F|  |TAMS 0x0000000708b00000, 0x0000000708b00000| Untracked 
| 108|0x0000000708c00000, 0x0000000708c00000, 0x0000000708d00000|  0%| F|  |TAMS 0x0000000708c00000, 0x0000000708c00000| Untracked 
| 109|0x0000000708d00000, 0x0000000708d00000, 0x0000000708e00000|  0%| F|  |TAMS 0x0000000708d00000, 0x0000000708d00000| Untracked 
| 110|0x0000000708e00000, 0x0000000708e00000, 0x0000000708f00000|  0%| F|  |TAMS 0x0000000708e00000, 0x0000000708e00000| Untracked 
| 111|0x0000000708f00000, 0x0000000708f00000, 0x0000000709000000|  0%| F|  |TAMS 0x0000000708f00000, 0x0000000708f00000| Untracked 
| 112|0x0000000709000000, 0x0000000709000000, 0x0000000709100000|  0%| F|  |TAMS 0x0000000709000000, 0x0000000709000000| Untracked 
| 113|0x0000000709100000, 0x0000000709100000, 0x0000000709200000|  0%| F|  |TAMS 0x0000000709100000, 0x0000000709100000| Untracked 
| 114|0x0000000709200000, 0x0000000709200000, 0x0000000709300000|  0%| F|  |TAMS 0x0000000709200000, 0x0000000709200000| Untracked 
| 115|0x0000000709300000, 0x0000000709300000, 0x0000000709400000|  0%| F|  |TAMS 0x0000000709300000, 0x0000000709300000| Untracked 
| 116|0x0000000709400000, 0x0000000709400000, 0x0000000709500000|  0%| F|  |TAMS 0x0000000709400000, 0x0000000709400000| Untracked 
| 117|0x0000000709500000, 0x0000000709500000, 0x0000000709600000|  0%| F|  |TAMS 0x0000000709500000, 0x0000000709500000| Untracked 
| 118|0x0000000709600000, 0x0000000709600000, 0x0000000709700000|  0%| F|  |TAMS 0x0000000709600000, 0x0000000709600000| Untracked 
| 119|0x0000000709700000, 0x0000000709700000, 0x0000000709800000|  0%| F|  |TAMS 0x0000000709700000, 0x0000000709700000| Untracked 
| 120|0x0000000709800000, 0x0000000709800000, 0x0000000709900000|  0%| F|  |TAMS 0x0000000709800000, 0x0000000709800000| Untracked 
| 121|0x0000000709900000, 0x0000000709900000, 0x0000000709a00000|  0%| F|  |TAMS 0x0000000709900000, 0x0000000709900000| Untracked 
| 122|0x0000000709a00000, 0x0000000709a00000, 0x0000000709b00000|  0%| F|  |TAMS 0x0000000709a00000, 0x0000000709a00000| Untracked 
| 123|0x0000000709b00000, 0x0000000709b00000, 0x0000000709c00000|  0%| F|  |TAMS 0x0000000709b00000, 0x0000000709b00000| Untracked 
| 124|0x0000000709c00000, 0x0000000709c00000, 0x0000000709d00000|  0%| F|  |TAMS 0x0000000709c00000, 0x0000000709c00000| Untracked 
| 125|0x0000000709d00000, 0x0000000709d00000, 0x0000000709e00000|  0%| F|  |TAMS 0x0000000709d00000, 0x0000000709d00000| Untracked 
| 126|0x0000000709e00000, 0x0000000709e00000, 0x0000000709f00000|  0%| F|  |TAMS 0x0000000709e00000, 0x0000000709e00000| Untracked 
| 127|0x0000000709f00000, 0x0000000709f00000, 0x000000070a000000|  0%| F|  |TAMS 0x0000000709f00000, 0x0000000709f00000| Untracked 
| 128|0x000000070a000000, 0x000000070a000000, 0x000000070a100000|  0%| F|  |TAMS 0x000000070a000000, 0x000000070a000000| Untracked 
| 129|0x000000070a100000, 0x000000070a100000, 0x000000070a200000|  0%| F|  |TAMS 0x000000070a100000, 0x000000070a100000| Untracked 
| 130|0x000000070a200000, 0x000000070a200000, 0x000000070a300000|  0%| F|  |TAMS 0x000000070a200000, 0x000000070a200000| Untracked 
| 131|0x000000070a300000, 0x000000070a300000, 0x000000070a400000|  0%| F|  |TAMS 0x000000070a300000, 0x000000070a300000| Untracked 
| 132|0x000000070a400000, 0x000000070a400000, 0x000000070a500000|  0%| F|  |TAMS 0x000000070a400000, 0x000000070a400000| Untracked 
| 133|0x000000070a500000, 0x000000070a500000, 0x000000070a600000|  0%| F|  |TAMS 0x000000070a500000, 0x000000070a500000| Untracked 
| 134|0x000000070a600000, 0x000000070a600000, 0x000000070a700000|  0%| F|  |TAMS 0x000000070a600000, 0x000000070a600000| Untracked 
| 135|0x000000070a700000, 0x000000070a700000, 0x000000070a800000|  0%| F|  |TAMS 0x000000070a700000, 0x000000070a700000| Untracked 
| 136|0x000000070a800000, 0x000000070a800000, 0x000000070a900000|  0%| F|  |TAMS 0x000000070a800000, 0x000000070a800000| Untracked 
| 137|0x000000070a900000, 0x000000070a900000, 0x000000070aa00000|  0%| F|  |TAMS 0x000000070a900000, 0x000000070a900000| Untracked 
| 138|0x000000070aa00000, 0x000000070aa00000, 0x000000070ab00000|  0%| F|  |TAMS 0x000000070aa00000, 0x000000070aa00000| Untracked 
| 139|0x000000070ab00000, 0x000000070ab00000, 0x000000070ac00000|  0%| F|  |TAMS 0x000000070ab00000, 0x000000070ab00000| Untracked 
| 140|0x000000070ac00000, 0x000000070ac00000, 0x000000070ad00000|  0%| F|  |TAMS 0x000000070ac00000, 0x000000070ac00000| Untracked 
| 141|0x000000070ad00000, 0x000000070ad00000, 0x000000070ae00000|  0%| F|  |TAMS 0x000000070ad00000, 0x000000070ad00000| Untracked 
| 142|0x000000070ae00000, 0x000000070ae00000, 0x000000070af00000|  0%| F|  |TAMS 0x000000070ae00000, 0x000000070ae00000| Untracked 
| 143|0x000000070af00000, 0x000000070af00000, 0x000000070b000000|  0%| F|  |TAMS 0x000000070af00000, 0x000000070af00000| Untracked 
| 144|0x000000070b000000, 0x000000070b100000, 0x000000070b100000|100%| S|CS|TAMS 0x000000070b000000, 0x000000070b000000| Complete 
| 145|0x000000070b100000, 0x000000070b200000, 0x000000070b200000|100%| S|CS|TAMS 0x000000070b100000, 0x000000070b100000| Complete 
| 146|0x000000070b200000, 0x000000070b300000, 0x000000070b300000|100%| S|CS|TAMS 0x000000070b200000, 0x000000070b200000| Complete 
| 147|0x000000070b300000, 0x000000070b400000, 0x000000070b400000|100%| S|CS|TAMS 0x000000070b300000, 0x000000070b300000| Complete 
| 148|0x000000070b400000, 0x000000070b500000, 0x000000070b500000|100%| S|CS|TAMS 0x000000070b400000, 0x000000070b400000| Complete 
| 149|0x000000070b500000, 0x000000070b600000, 0x000000070b600000|100%| S|CS|TAMS 0x000000070b500000, 0x000000070b500000| Complete 
| 150|0x000000070b600000, 0x000000070b700000, 0x000000070b700000|100%| S|CS|TAMS 0x000000070b600000, 0x000000070b600000| Complete 
| 151|0x000000070b700000, 0x000000070b800000, 0x000000070b800000|100%| S|CS|TAMS 0x000000070b700000, 0x000000070b700000| Complete 
| 152|0x000000070b800000, 0x000000070b900000, 0x000000070b900000|100%| S|CS|TAMS 0x000000070b800000, 0x000000070b800000| Complete 
| 153|0x000000070b900000, 0x000000070ba00000, 0x000000070ba00000|100%| S|CS|TAMS 0x000000070b900000, 0x000000070b900000| Complete 
| 154|0x000000070ba00000, 0x000000070ba00000, 0x000000070bb00000|  0%| F|  |TAMS 0x000000070ba00000, 0x000000070ba00000| Untracked 
| 155|0x000000070bb00000, 0x000000070bb00000, 0x000000070bc00000|  0%| F|  |TAMS 0x000000070bb00000, 0x000000070bb00000| Untracked 
| 156|0x000000070bc00000, 0x000000070bc00000, 0x000000070bd00000|  0%| F|  |TAMS 0x000000070bc00000, 0x000000070bc00000| Untracked 
| 157|0x000000070bd00000, 0x000000070bd00000, 0x000000070be00000|  0%| F|  |TAMS 0x000000070bd00000, 0x000000070bd00000| Untracked 
| 158|0x000000070be00000, 0x000000070be00000, 0x000000070bf00000|  0%| F|  |TAMS 0x000000070be00000, 0x000000070be00000| Untracked 
| 159|0x000000070bf00000, 0x000000070bf00000, 0x000000070c000000|  0%| F|  |TAMS 0x000000070bf00000, 0x000000070bf00000| Untracked 
| 160|0x000000070c000000, 0x000000070c000000, 0x000000070c100000|  0%| F|  |TAMS 0x000000070c000000, 0x000000070c000000| Untracked 
| 161|0x000000070c100000, 0x000000070c100000, 0x000000070c200000|  0%| F|  |TAMS 0x000000070c100000, 0x000000070c100000| Untracked 
| 162|0x000000070c200000, 0x000000070c200000, 0x000000070c300000|  0%| F|  |TAMS 0x000000070c200000, 0x000000070c200000| Untracked 
| 163|0x000000070c300000, 0x000000070c300000, 0x000000070c400000|  0%| F|  |TAMS 0x000000070c300000, 0x000000070c300000| Untracked 
| 164|0x000000070c400000, 0x000000070c400000, 0x000000070c500000|  0%| F|  |TAMS 0x000000070c400000, 0x000000070c400000| Untracked 
| 165|0x000000070c500000, 0x000000070c500000, 0x000000070c600000|  0%| F|  |TAMS 0x000000070c500000, 0x000000070c500000| Untracked 
| 166|0x000000070c600000, 0x000000070c600000, 0x000000070c700000|  0%| F|  |TAMS 0x000000070c600000, 0x000000070c600000| Untracked 
| 167|0x000000070c700000, 0x000000070c700000, 0x000000070c800000|  0%| F|  |TAMS 0x000000070c700000, 0x000000070c700000| Untracked 
| 168|0x000000070c800000, 0x000000070c800000, 0x000000070c900000|  0%| F|  |TAMS 0x000000070c800000, 0x000000070c800000| Untracked 
| 169|0x000000070c900000, 0x000000070c900000, 0x000000070ca00000|  0%| F|  |TAMS 0x000000070c900000, 0x000000070c900000| Untracked 
| 170|0x000000070ca00000, 0x000000070ca00000, 0x000000070cb00000|  0%| F|  |TAMS 0x000000070ca00000, 0x000000070ca00000| Untracked 
| 171|0x000000070cb00000, 0x000000070cb00000, 0x000000070cc00000|  0%| F|  |TAMS 0x000000070cb00000, 0x000000070cb00000| Untracked 
| 172|0x000000070cc00000, 0x000000070cc00000, 0x000000070cd00000|  0%| F|  |TAMS 0x000000070cc00000, 0x000000070cc00000| Untracked 
| 173|0x000000070cd00000, 0x000000070cd00000, 0x000000070ce00000|  0%| F|  |TAMS 0x000000070cd00000, 0x000000070cd00000| Untracked 
| 174|0x000000070ce00000, 0x000000070ce00000, 0x000000070cf00000|  0%| F|  |TAMS 0x000000070ce00000, 0x000000070ce00000| Untracked 
| 175|0x000000070cf00000, 0x000000070cf00000, 0x000000070d000000|  0%| F|  |TAMS 0x000000070cf00000, 0x000000070cf00000| Untracked 
| 176|0x000000070d000000, 0x000000070d000000, 0x000000070d100000|  0%| F|  |TAMS 0x000000070d000000, 0x000000070d000000| Untracked 
| 177|0x000000070d100000, 0x000000070d100000, 0x000000070d200000|  0%| F|  |TAMS 0x000000070d100000, 0x000000070d100000| Untracked 
| 178|0x000000070d200000, 0x000000070d200000, 0x000000070d300000|  0%| F|  |TAMS 0x000000070d200000, 0x000000070d200000| Untracked 
| 179|0x000000070d300000, 0x000000070d300000, 0x000000070d400000|  0%| F|  |TAMS 0x000000070d300000, 0x000000070d300000| Untracked 
| 180|0x000000070d400000, 0x000000070d400000, 0x000000070d500000|  0%| F|  |TAMS 0x000000070d400000, 0x000000070d400000| Untracked 
| 181|0x000000070d500000, 0x000000070d500000, 0x000000070d600000|  0%| F|  |TAMS 0x000000070d500000, 0x000000070d500000| Untracked 
| 182|0x000000070d600000, 0x000000070d600000, 0x000000070d700000|  0%| F|  |TAMS 0x000000070d600000, 0x000000070d600000| Untracked 
| 183|0x000000070d700000, 0x000000070d700000, 0x000000070d800000|  0%| F|  |TAMS 0x000000070d700000, 0x000000070d700000| Untracked 
| 184|0x000000070d800000, 0x000000070d800000, 0x000000070d900000|  0%| F|  |TAMS 0x000000070d800000, 0x000000070d800000| Untracked 
| 185|0x000000070d900000, 0x000000070d900000, 0x000000070da00000|  0%| F|  |TAMS 0x000000070d900000, 0x000000070d900000| Untracked 
| 186|0x000000070da00000, 0x000000070da00000, 0x000000070db00000|  0%| F|  |TAMS 0x000000070da00000, 0x000000070da00000| Untracked 
| 187|0x000000070db00000, 0x000000070db00000, 0x000000070dc00000|  0%| F|  |TAMS 0x000000070db00000, 0x000000070db00000| Untracked 
| 188|0x000000070dc00000, 0x000000070dc00000, 0x000000070dd00000|  0%| F|  |TAMS 0x000000070dc00000, 0x000000070dc00000| Untracked 
| 189|0x000000070dd00000, 0x000000070dd00000, 0x000000070de00000|  0%| F|  |TAMS 0x000000070dd00000, 0x000000070dd00000| Untracked 
| 190|0x000000070de00000, 0x000000070de00000, 0x000000070df00000|  0%| F|  |TAMS 0x000000070de00000, 0x000000070de00000| Untracked 
| 191|0x000000070df00000, 0x000000070df00000, 0x000000070e000000|  0%| F|  |TAMS 0x000000070df00000, 0x000000070df00000| Untracked 
| 192|0x000000070e000000, 0x000000070e000000, 0x000000070e100000|  0%| F|  |TAMS 0x000000070e000000, 0x000000070e000000| Untracked 
| 193|0x000000070e100000, 0x000000070e100000, 0x000000070e200000|  0%| F|  |TAMS 0x000000070e100000, 0x000000070e100000| Untracked 
| 194|0x000000070e200000, 0x000000070e200000, 0x000000070e300000|  0%| F|  |TAMS 0x000000070e200000, 0x000000070e200000| Untracked 
| 195|0x000000070e300000, 0x000000070e300000, 0x000000070e400000|  0%| F|  |TAMS 0x000000070e300000, 0x000000070e300000| Untracked 
| 196|0x000000070e400000, 0x000000070e400000, 0x000000070e500000|  0%| F|  |TAMS 0x000000070e400000, 0x000000070e400000| Untracked 
| 197|0x000000070e500000, 0x000000070e500000, 0x000000070e600000|  0%| F|  |TAMS 0x000000070e500000, 0x000000070e500000| Untracked 
| 198|0x000000070e600000, 0x000000070e600000, 0x000000070e700000|  0%| F|  |TAMS 0x000000070e600000, 0x000000070e600000| Untracked 
| 199|0x000000070e700000, 0x000000070e700000, 0x000000070e800000|  0%| F|  |TAMS 0x000000070e700000, 0x000000070e700000| Untracked 
| 200|0x000000070e800000, 0x000000070e800000, 0x000000070e900000|  0%| F|  |TAMS 0x000000070e800000, 0x000000070e800000| Untracked 
| 201|0x000000070e900000, 0x000000070e900000, 0x000000070ea00000|  0%| F|  |TAMS 0x000000070e900000, 0x000000070e900000| Untracked 
| 202|0x000000070ea00000, 0x000000070ea00000, 0x000000070eb00000|  0%| F|  |TAMS 0x000000070ea00000, 0x000000070ea00000| Untracked 
| 203|0x000000070eb00000, 0x000000070eb00000, 0x000000070ec00000|  0%| F|  |TAMS 0x000000070eb00000, 0x000000070eb00000| Untracked 
| 204|0x000000070ec00000, 0x000000070ec00000, 0x000000070ed00000|  0%| F|  |TAMS 0x000000070ec00000, 0x000000070ec00000| Untracked 
| 205|0x000000070ed00000, 0x000000070ed00000, 0x000000070ee00000|  0%| F|  |TAMS 0x000000070ed00000, 0x000000070ed00000| Untracked 
| 206|0x000000070ee00000, 0x000000070ee00000, 0x000000070ef00000|  0%| F|  |TAMS 0x000000070ee00000, 0x000000070ee00000| Untracked 
| 207|0x000000070ef00000, 0x000000070ef00000, 0x000000070f000000|  0%| F|  |TAMS 0x000000070ef00000, 0x000000070ef00000| Untracked 
| 208|0x000000070f000000, 0x000000070f000000, 0x000000070f100000|  0%| F|  |TAMS 0x000000070f000000, 0x000000070f000000| Untracked 
| 209|0x000000070f100000, 0x000000070f100000, 0x000000070f200000|  0%| F|  |TAMS 0x000000070f100000, 0x000000070f100000| Untracked 
| 210|0x000000070f200000, 0x000000070f200000, 0x000000070f300000|  0%| F|  |TAMS 0x000000070f200000, 0x000000070f200000| Untracked 
| 211|0x000000070f300000, 0x000000070f300000, 0x000000070f400000|  0%| F|  |TAMS 0x000000070f300000, 0x000000070f300000| Untracked 
| 212|0x000000070f400000, 0x000000070f400000, 0x000000070f500000|  0%| F|  |TAMS 0x000000070f400000, 0x000000070f400000| Untracked 
| 213|0x000000070f500000, 0x000000070f500000, 0x000000070f600000|  0%| F|  |TAMS 0x000000070f500000, 0x000000070f500000| Untracked 
| 214|0x000000070f600000, 0x000000070f600000, 0x000000070f700000|  0%| F|  |TAMS 0x000000070f600000, 0x000000070f600000| Untracked 
| 215|0x000000070f700000, 0x000000070f700000, 0x000000070f800000|  0%| F|  |TAMS 0x000000070f700000, 0x000000070f700000| Untracked 
| 216|0x000000070f800000, 0x000000070f800000, 0x000000070f900000|  0%| F|  |TAMS 0x000000070f800000, 0x000000070f800000| Untracked 
| 217|0x000000070f900000, 0x000000070f900000, 0x000000070fa00000|  0%| F|  |TAMS 0x000000070f900000, 0x000000070f900000| Untracked 
| 218|0x000000070fa00000, 0x000000070fa00000, 0x000000070fb00000|  0%| F|  |TAMS 0x000000070fa00000, 0x000000070fa00000| Untracked 
| 219|0x000000070fb00000, 0x000000070fb00000, 0x000000070fc00000|  0%| F|  |TAMS 0x000000070fb00000, 0x000000070fb00000| Untracked 
| 220|0x000000070fc00000, 0x000000070fc00000, 0x000000070fd00000|  0%| F|  |TAMS 0x000000070fc00000, 0x000000070fc00000| Untracked 
| 221|0x000000070fd00000, 0x000000070fd00000, 0x000000070fe00000|  0%| F|  |TAMS 0x000000070fd00000, 0x000000070fd00000| Untracked 
| 222|0x000000070fe00000, 0x000000070fe00000, 0x000000070ff00000|  0%| F|  |TAMS 0x000000070fe00000, 0x000000070fe00000| Untracked 
| 223|0x000000070ff00000, 0x000000070ff00000, 0x0000000710000000|  0%| F|  |TAMS 0x000000070ff00000, 0x000000070ff00000| Untracked 
| 224|0x0000000710000000, 0x0000000710000000, 0x0000000710100000|  0%| F|  |TAMS 0x0000000710000000, 0x0000000710000000| Untracked 
| 225|0x0000000710100000, 0x0000000710100000, 0x0000000710200000|  0%| F|  |TAMS 0x0000000710100000, 0x0000000710100000| Untracked 
| 226|0x0000000710200000, 0x0000000710200000, 0x0000000710300000|  0%| F|  |TAMS 0x0000000710200000, 0x0000000710200000| Untracked 
| 227|0x0000000710300000, 0x0000000710300000, 0x0000000710400000|  0%| F|  |TAMS 0x0000000710300000, 0x0000000710300000| Untracked 
| 228|0x0000000710400000, 0x0000000710400000, 0x0000000710500000|  0%| F|  |TAMS 0x0000000710400000, 0x0000000710400000| Untracked 
| 229|0x0000000710500000, 0x0000000710500000, 0x0000000710600000|  0%| F|  |TAMS 0x0000000710500000, 0x0000000710500000| Untracked 
| 230|0x0000000710600000, 0x0000000710600000, 0x0000000710700000|  0%| F|  |TAMS 0x0000000710600000, 0x0000000710600000| Untracked 
| 231|0x0000000710700000, 0x0000000710700000, 0x0000000710800000|  0%| F|  |TAMS 0x0000000710700000, 0x0000000710700000| Untracked 
| 232|0x0000000710800000, 0x0000000710800000, 0x0000000710900000|  0%| F|  |TAMS 0x0000000710800000, 0x0000000710800000| Untracked 
| 233|0x0000000710900000, 0x0000000710900000, 0x0000000710a00000|  0%| F|  |TAMS 0x0000000710900000, 0x0000000710900000| Untracked 
| 234|0x0000000710a00000, 0x0000000710a00000, 0x0000000710b00000|  0%| F|  |TAMS 0x0000000710a00000, 0x0000000710a00000| Untracked 
| 235|0x0000000710b00000, 0x0000000710b00000, 0x0000000710c00000|  0%| F|  |TAMS 0x0000000710b00000, 0x0000000710b00000| Untracked 
| 236|0x0000000710c00000, 0x0000000710c00000, 0x0000000710d00000|  0%| F|  |TAMS 0x0000000710c00000, 0x0000000710c00000| Untracked 
| 237|0x0000000710d00000, 0x0000000710d00000, 0x0000000710e00000|  0%| F|  |TAMS 0x0000000710d00000, 0x0000000710d00000| Untracked 
| 238|0x0000000710e00000, 0x0000000710e00000, 0x0000000710f00000|  0%| F|  |TAMS 0x0000000710e00000, 0x0000000710e00000| Untracked 
| 239|0x0000000710f00000, 0x0000000710f00000, 0x0000000711000000|  0%| F|  |TAMS 0x0000000710f00000, 0x0000000710f00000| Untracked 
| 240|0x0000000711000000, 0x0000000711000000, 0x0000000711100000|  0%| F|  |TAMS 0x0000000711000000, 0x0000000711000000| Untracked 
| 241|0x0000000711100000, 0x0000000711100000, 0x0000000711200000|  0%| F|  |TAMS 0x0000000711100000, 0x0000000711100000| Untracked 
| 242|0x0000000711200000, 0x0000000711200000, 0x0000000711300000|  0%| F|  |TAMS 0x0000000711200000, 0x0000000711200000| Untracked 
| 243|0x0000000711300000, 0x0000000711300000, 0x0000000711400000|  0%| F|  |TAMS 0x0000000711300000, 0x0000000711300000| Untracked 
| 244|0x0000000711400000, 0x0000000711400000, 0x0000000711500000|  0%| F|  |TAMS 0x0000000711400000, 0x0000000711400000| Untracked 
| 245|0x0000000711500000, 0x0000000711500000, 0x0000000711600000|  0%| F|  |TAMS 0x0000000711500000, 0x0000000711500000| Untracked 
| 246|0x0000000711600000, 0x0000000711600000, 0x0000000711700000|  0%| F|  |TAMS 0x0000000711600000, 0x0000000711600000| Untracked 
| 247|0x0000000711700000, 0x0000000711780800, 0x0000000711800000| 50%| E|  |TAMS 0x0000000711700000, 0x0000000711700000| Complete 
| 248|0x0000000711800000, 0x0000000711900000, 0x0000000711900000|100%| E|CS|TAMS 0x0000000711800000, 0x0000000711800000| Complete 
| 249|0x0000000711900000, 0x0000000711a00000, 0x0000000711a00000|100%| E|CS|TAMS 0x0000000711900000, 0x0000000711900000| Complete 
| 250|0x0000000711a00000, 0x0000000711b00000, 0x0000000711b00000|100%| E|CS|TAMS 0x0000000711a00000, 0x0000000711a00000| Complete 
| 251|0x0000000711b00000, 0x0000000711c00000, 0x0000000711c00000|100%| E|CS|TAMS 0x0000000711b00000, 0x0000000711b00000| Complete 
| 252|0x0000000711c00000, 0x0000000711d00000, 0x0000000711d00000|100%| E|CS|TAMS 0x0000000711c00000, 0x0000000711c00000| Complete 
| 253|0x0000000711d00000, 0x0000000711e00000, 0x0000000711e00000|100%| E|CS|TAMS 0x0000000711d00000, 0x0000000711d00000| Complete 

Card table byte_map: [0x000002279eb10000,0x000002279f300000] _byte_map_base: 0x000002279b300000

Marking Bits (Prev, Next): (CMBitMap*) 0x00000227862bdae8, (CMBitMap*) 0x00000227862bdb20
 Prev Bits: [0x000002279faf0000, 0x00000227a3a70000)
 Next Bits: [0x00000227a3a70000, 0x00000227a79f0000)

Polling page: 0x0000022784640000

Metaspace:

Usage:
  Non-class:     41.74 MB capacity,    41.18 MB ( 99%) used,   450.30 KB (  1%) free+waste,   129.00 KB ( <1%) overhead. 
      Class:      5.75 MB capacity,     5.35 MB ( 93%) used,   350.00 KB (  6%) free+waste,    58.69 KB ( <1%) overhead. 
       Both:     47.50 MB capacity,    46.53 MB ( 98%) used,   800.30 KB (  2%) free+waste,   187.69 KB ( <1%) overhead. 

Virtual space:
  Non-class space:       42.00 MB reserved,      41.74 MB (>99%) committed 
      Class space:        1.00 GB reserved,       5.88 MB ( <1%) committed 
             Both:        1.04 GB reserved,      47.62 MB (  4%) committed 

Chunk freelists:
   Non-Class:  0 bytes
       Class:  29.00 KB
        Both:  29.00 KB

CodeHeap 'non-profiled nmethods': size=120000Kb used=2197Kb max_used=2197Kb free=117803Kb
 bounds [0x0000022796390000, 0x0000022796600000, 0x000002279d8c0000]
CodeHeap 'profiled nmethods': size=120000Kb used=9120Kb max_used=9120Kb free=110879Kb
 bounds [0x000002278ee60000, 0x000002278f750000, 0x0000022796390000]
CodeHeap 'non-nmethods': size=5760Kb used=1192Kb max_used=1231Kb free=4567Kb
 bounds [0x000002278e8c0000, 0x000002278eb30000, 0x000002278ee60000]
 total_blobs=5463 nmethods=3853 adapters=447
 compilation: enabled
              stopped_count=0, restarted_count=0
 full_count=0

Compilation events (10 events):
Event: 5.888 Thread 0x00000227aaf0c000 nmethod 4015 0x00000227965b4990 code [0x00000227965b4b40, 0x00000227965b4c58]
Event: 5.896 Thread 0x00000227aaf0c000 4016       1       org.springframework.core.io.UrlResource::getURL (5 bytes)
Event: 5.896 Thread 0x00000227aaf0c000 nmethod 4016 0x00000227965b4d10 code [0x00000227965b4ec0, 0x00000227965b4fd8]
Event: 5.899 Thread 0x00000227aaf0c000 4017       1       org.springframework.core.io.support.PathMatchingResourcePatternResolver::getPathMatcher (5 bytes)
Event: 5.899 Thread 0x00000227aaf0c000 nmethod 4017 0x00000227965b5090 code [0x00000227965b5240, 0x00000227965b5358]
Event: 5.901 Thread 0x00000227aaf0c000 4018       3       java.io.File::getName (42 bytes)
Event: 5.901 Thread 0x00000227aaf0c000 nmethod 4018 0x000002278f749910 code [0x000002278f749b40, 0x000002278f74a0e0]
Event: 5.916 Thread 0x00000227aaf0c000 4019       3       java.lang.String::regionMatches (150 bytes)
Event: 5.917 Thread 0x00000227aaf0c000 nmethod 4019 0x000002278f74a310 code [0x000002278f74a580, 0x000002278f74afb0]
Event: 5.918 Thread 0x00000227aaf0c000 4020       3       java.net.URLStreamHandler::parseURL (1201 bytes)

GC Heap History (10 events):
Event: 1.356 GC heap before
{Heap before GC invocations=0 (full 0):
 garbage-first heap   total 260096K, used 24576K [0x0000000702000000, 0x0000000800000000)
  region size 1024K, 24 young (24576K), 0 survivors (0K)
 Metaspace       used 13882K, capacity 14138K, committed 14336K, reserved 1062912K
  class space    used 1399K, capacity 1492K, committed 1536K, reserved 1048576K
}
Event: 1.361 GC heap after
{Heap after GC invocations=1 (full 0):
 garbage-first heap   total 260096K, used 6780K [0x0000000702000000, 0x0000000800000000)
  region size 1024K, 3 young (3072K), 3 survivors (3072K)
 Metaspace       used 13882K, capacity 14138K, committed 14336K, reserved 1062912K
  class space    used 1399K, capacity 1492K, committed 1536K, reserved 1048576K
}
Event: 1.951 GC heap before
{Heap before GC invocations=1 (full 0):
 garbage-first heap   total 260096K, used 39548K [0x0000000702000000, 0x0000000800000000)
  region size 1024K, 36 young (36864K), 3 survivors (3072K)
 Metaspace       used 20770K, capacity 21145K, committed 21248K, reserved 1069056K
  class space    used 2409K, capacity 2547K, committed 2560K, reserved 1048576K
}
Event: 1.960 GC heap after
{Heap after GC invocations=2 (full 0):
 garbage-first heap   total 260096K, used 8431K [0x0000000702000000, 0x0000000800000000)
  region size 1024K, 5 young (5120K), 5 survivors (5120K)
 Metaspace       used 20770K, capacity 21145K, committed 21248K, reserved 1069056K
  class space    used 2409K, capacity 2547K, committed 2560K, reserved 1048576K
}
Event: 2.166 GC heap before
{Heap before GC invocations=3 (full 0):
 garbage-first heap   total 260096K, used 52463K [0x0000000702000000, 0x0000000800000000)
  region size 1024K, 50 young (51200K), 5 survivors (5120K)
 Metaspace       used 23373K, capacity 23895K, committed 23936K, reserved 1071104K
  class space    used 2702K, capacity 2910K, committed 2944K, reserved 1048576K
}
Event: 2.172 GC heap after
{Heap after GC invocations=4 (full 0):
 garbage-first heap   total 260096K, used 9386K [0x0000000702000000, 0x0000000800000000)
  region size 1024K, 3 young (3072K), 3 survivors (3072K)
 Metaspace       used 23373K, capacity 23895K, committed 23936K, reserved 1071104K
  class space    used 2702K, capacity 2910K, committed 2944K, reserved 1048576K
}
Event: 3.726 GC heap before
{Heap before GC invocations=4 (full 0):
 garbage-first heap   total 260096K, used 70826K [0x0000000702000000, 0x0000000800000000)
  region size 1024K, 65 young (66560K), 3 survivors (3072K)
 Metaspace       used 34729K, capacity 35462K, committed 35584K, reserved 1081344K
  class space    used 4057K, capacity 4345K, committed 4352K, reserved 1048576K
}
Event: 3.736 GC heap after
{Heap after GC invocations=5 (full 0):
 garbage-first heap   total 260096K, used 12251K [0x0000000702000000, 0x0000000800000000)
  region size 1024K, 6 young (6144K), 6 survivors (6144K)
 Metaspace       used 34729K, capacity 35462K, committed 35584K, reserved 1081344K
  class space    used 4057K, capacity 4345K, committed 4352K, reserved 1048576K
}
Event: 5.808 GC heap before
{Heap before GC invocations=6 (full 0):
 garbage-first heap   total 260096K, used 109531K [0x0000000702000000, 0x0000000800000000)
  region size 1024K, 100 young (102400K), 6 survivors (6144K)
 Metaspace       used 46233K, capacity 47209K, committed 47224K, reserved 1091584K
  class space    used 5350K, capacity 5757K, committed 5760K, reserved 1048576K
}
Event: 5.818 GC heap after
{Heap after GC invocations=7 (full 0):
 garbage-first heap   total 260096K, used 18904K [0x0000000702000000, 0x0000000800000000)
  region size 1024K, 10 young (10240K), 10 survivors (10240K)
 Metaspace       used 46233K, capacity 47209K, committed 47224K, reserved 1091584K
  class space    used 5350K, capacity 5757K, committed 5760K, reserved 1048576K
}

Deoptimization events (10 events):
Event: 4.991 Thread 0x0000022786269000 Uncommon trap: reason=speculate_class_check action=maybe_recompile pc=0x0000022796483ac4 method=java.util.zip.InflaterInputStream.read([BII)I @ 100 c2
Event: 4.993 Thread 0x0000022786269000 Uncommon trap: reason=speculate_class_check action=maybe_recompile pc=0x0000022796483ac4 method=java.util.zip.InflaterInputStream.read([BII)I @ 100 c2
Event: 5.145 Thread 0x0000022786269000 Uncommon trap: reason=unstable_if action=reinterpret pc=0x00000227965787cc method=java.util.zip.InflaterInputStream.read([BII)I @ 41 c2
Event: 5.179 Thread 0x0000022786269000 Uncommon trap: reason=unstable_if action=reinterpret pc=0x000002279653a4f8 method=org.springframework.boot.context.properties.source.ConfigurationPropertyName.elementsEqual(Lorg/springframework/boot/context/properties/source/ConfigurationPropertyName;)Z @
Event: 5.189 Thread 0x0000022786269000 Uncommon trap: reason=null_check action=make_not_entrant pc=0x00000227964d5a7c method=org.springframework.util.ClassUtils.isAssignable(Ljava/lang/Class;Ljava/lang/Class;)Z @ 14 c2
Event: 5.215 Thread 0x0000022786269000 Uncommon trap: reason=unstable_if action=reinterpret pc=0x00000227964ccd28 method=org.springframework.util.ConcurrentReferenceHashMap$Segment.findInChain(Lorg/springframework/util/ConcurrentReferenceHashMap$Reference;Ljava/lang/Object;I)Lorg/springframewo
Event: 5.325 Thread 0x0000022786269000 Uncommon trap: reason=unstable_if action=reinterpret pc=0x000002279643c750 method=java.util.zip.ZipFile$Source.getEntryPos([BZ)I @ 68 c2
Event: 5.623 Thread 0x0000022786269000 Uncommon trap: reason=unstable_if action=reinterpret pc=0x0000022796416f08 method=java.lang.String.regionMatches(ZILjava/lang/String;II)Z @ 1 c2
Event: 5.907 Thread 0x0000022786269000 Uncommon trap: reason=unstable_if action=reinterpret pc=0x0000022796442114 method=java.net.URL.<init>(Ljava/net/URL;Ljava/lang/String;Ljava/net/URLStreamHandler;)V @ 57 c2
Event: 5.907 Thread 0x0000022786269000 Uncommon trap: reason=unstable_if action=reinterpret pc=0x0000022796584b8c method=java.net.URLStreamHandler.parseURL(Ljava/net/URL;Ljava/lang/String;II)V @ 57 c2

Classes redefined (0 events):
No events

Internal exceptions (10 events):
Event: 5.171 Thread 0x0000022786269000 Exception <a 'java/lang/NoSuchMethodError'{0x000000070cfa7918}: java.lang.invoke.DirectMethodHandle$Holder.invokeInterface(Ljava/lang/Object;Ljava/lang/Object;Ljava/lang/Object;Ljava/lang/Object;)I> (0x000000070cfa7918) thrown at [c:/cygwin64/tmp/openjdk-
Event: 5.189 Thread 0x0000022786269000 Implicit null exception at 0x00000227964d5857 to 0x00000227964d5a66
Event: 5.197 Thread 0x0000022786269000 Exception <a 'java/lang/ClassNotFoundException'{0x000000070ce505a8}: java/lang/ObjectCustomizer> (0x000000070ce505a8) thrown at [c:/cygwin64/tmp/openjdk-jdk11u-windows-x64-hotspot/workspace/build/src/src/hotspot/share/classfile/systemDictionary.cpp, line 
Event: 5.199 Thread 0x0000022786269000 Exception <a 'java/lang/ClassNotFoundException'{0x000000070ce614a0}: org/springframework/jdbc/datasource/AbstractDataSourceCustomizer> (0x000000070ce614a0) thrown at [c:/cygwin64/tmp/openjdk-jdk11u-windows-x64-hotspot/workspace/build/src/src/hotspot/share
Event: 5.203 Thread 0x0000022786269000 Exception <a 'java/lang/ClassNotFoundException'{0x000000070ce76ff8}: org/springframework/jdbc/datasource/AbstractDriverBasedDataSourceCustomizer> (0x000000070ce76ff8) thrown at [c:/cygwin64/tmp/openjdk-jdk11u-windows-x64-hotspot/workspace/build/src/src/ho
Event: 5.207 Thread 0x0000022786269000 Exception <a 'java/lang/ClassNotFoundException'{0x000000070ce91c88}: org/springframework/jdbc/datasource/DriverManagerDataSourceCustomizer> (0x000000070ce91c88) thrown at [c:/cygwin64/tmp/openjdk-jdk11u-windows-x64-hotspot/workspace/build/src/src/hotspot/
Event: 5.210 Thread 0x0000022786269000 Exception <a 'java/lang/ClassNotFoundException'{0x000000070ce9ea28}: javax/sql/DataSourceCustomizer> (0x000000070ce9ea28) thrown at [c:/cygwin64/tmp/openjdk-jdk11u-windows-x64-hotspot/workspace/build/src/src/hotspot/share/classfile/systemDictionary.cpp, l
Event: 5.212 Thread 0x0000022786269000 Exception <a 'java/lang/ClassNotFoundException'{0x000000070cea8370}: javax/sql/CommonDataSourceCustomizer> (0x000000070cea8370) thrown at [c:/cygwin64/tmp/openjdk-jdk11u-windows-x64-hotspot/workspace/build/src/src/hotspot/share/classfile/systemDictionary.
Event: 5.215 Thread 0x0000022786269000 Exception <a 'java/lang/ClassNotFoundException'{0x000000070ceb1398}: java/sql/WrapperCustomizer> (0x000000070ceb1398) thrown at [c:/cygwin64/tmp/openjdk-jdk11u-windows-x64-hotspot/workspace/build/src/src/hotspot/share/classfile/systemDictionary.cpp, line 
Event: 5.732 Thread 0x0000022786269000 Exception <a 'java/io/FileNotFoundException'{0x000000070bc5a4b8}> (0x000000070bc5a4b8) thrown at [c:/cygwin64/tmp/openjdk-jdk11u-windows-x64-hotspot/workspace/build/src/src/hotspot/share/prims/jni.cpp, line 615]

Events (10 events):
Event: 5.917 loading class org/hibernate/tool/schema/spi/DelayedDropRegistry
Event: 5.917 loading class org/hibernate/tool/schema/spi/DelayedDropRegistry done
Event: 5.918 loading class org/hibernate/boot/Metadata
Event: 5.918 loading class org/hibernate/boot/Metadata done
Event: 5.919 loading class org/hibernate/engine/spi/Mapping
Event: 5.919 loading class org/hibernate/engine/spi/Mapping done
Event: 5.920 loading class org/hibernate/proxy/EntityNotFoundDelegate
Event: 5.920 loading class org/hibernate/proxy/EntityNotFoundDelegate done
Event: 5.920 loading class org/hibernate/boot/MetadataBuilder
Event: 5.920 loading class org/hibernate/boot/MetadataBuilder done


Dynamic libraries:
0x00007ff69e790000 - 0x00007ff69e7da000 	C:\Program Files\AdoptOpenJDK\jdk-11.0.3.7-hotspot\bin\javaw.exe
0x00007ffae0580000 - 0x00007ffae076d000 	C:\Windows\SYSTEM32\ntdll.dll
0x00007ffae0430000 - 0x00007ffae04e3000 	C:\Windows\System32\KERNEL32.DLL
0x00007ffadd500000 - 0x00007ffadd795000 	C:\Windows\System32\KERNELBASE.dll
0x00007ffadc290000 - 0x00007ffadc3af000 	C:\Program Files\Avecto\Privilege Guard Client\PGHook.dll
0x00007ffadf820000 - 0x00007ffadf9b7000 	C:\Windows\System32\USER32.dll
0x00007ffadcec0000 - 0x00007ffadcee0000 	C:\Windows\System32\win32u.dll
0x00007ffae0400000 - 0x00007ffae0429000 	C:\Windows\System32\GDI32.dll
0x00007ffadd2c0000 - 0x00007ffadd45b000 	C:\Windows\System32\gdi32full.dll
0x00007ffadd460000 - 0x00007ffadd500000 	C:\Windows\System32\msvcp_win.dll
0x00007ffadc630000 - 0x00007ffadc72a000 	C:\Windows\System32\ucrtbase.dll
0x00007ffadade0000 - 0x00007ffadb059000 	C:\Windows\WinSxS\amd64_microsoft.windows.common-controls_6595b64144ccf1df_6.0.17763.1339_none_de7015e4534c7114\COMCTL32.dll
0x00007ffae0360000 - 0x00007ffae03fe000 	C:\Windows\System32\msvcrt.dll
0x00007ffadd8f0000 - 0x00007ffaddc1c000 	C:\Windows\System32\combase.dll
0x00007ffade0d0000 - 0x00007ffade1f2000 	C:\Windows\System32\RPCRT4.dll
0x00007ffadd0c0000 - 0x00007ffadd13e000 	C:\Windows\System32\bcryptPrimitives.dll
0x00007ffade320000 - 0x00007ffadf818000 	C:\Windows\System32\shell32.dll
0x00007ffadd140000 - 0x00007ffadd18a000 	C:\Windows\System32\cfgmgr32.dll
0x00007ffadffc0000 - 0x00007ffae0069000 	C:\Windows\System32\shcore.dll
0x00007ffadc760000 - 0x00007ffadceb4000 	C:\Windows\System32\windows.storage.dll
0x00007ffade210000 - 0x00007ffade2ae000 	C:\Windows\System32\sechost.dll
0x00007ffaddfc0000 - 0x00007ffade063000 	C:\Windows\System32\advapi32.dll
0x00007ffadc580000 - 0x00007ffadc5a4000 	C:\Windows\System32\profapi.dll
0x00007ffadc5b0000 - 0x00007ffadc60d000 	C:\Windows\System32\powrprof.dll
0x00007ffae00f0000 - 0x00007ffae0142000 	C:\Windows\System32\shlwapi.dll
0x00007ffadc560000 - 0x00007ffadc571000 	C:\Windows\System32\kernel.appcore.dll
0x00007ffadd1f0000 - 0x00007ffadd207000 	C:\Windows\System32\cryptsp.dll
0x00007ffaddcd0000 - 0x00007ffaddcfe000 	C:\Windows\System32\IMM32.DLL
0x00007ffadbec0000 - 0x00007ffadbef3000 	C:\Windows\system32\rsaenh.dll
0x00007ffadc730000 - 0x00007ffadc756000 	C:\Windows\System32\bcrypt.dll
0x00007ffadbeb0000 - 0x00007ffadbebc000 	C:\Windows\SYSTEM32\CRYPTBASE.dll
0x00007ffacffb0000 - 0x00007ffad0062000 	C:\Program Files\McAfee\Endpoint Security\Threat Prevention\Ips\EpMPApi.dll
0x00007ffadd190000 - 0x00007ffadd1e9000 	C:\Windows\System32\WINTRUST.dll
0x00007ffadc610000 - 0x00007ffadc622000 	C:\Windows\System32\MSASN1.dll
0x00007ffadcee0000 - 0x00007ffadd0bc000 	C:\Windows\System32\CRYPT32.dll
0x00000000616e0000 - 0x00000000616ec000 	C:\Program Files\McAfee\Endpoint Security\Threat Prevention\Ips\EpMPThe.dll
0x00007ffac84a0000 - 0x00007ffac84b6000 	C:\Program Files\AdoptOpenJDK\jdk-11.0.3.7-hotspot\bin\vcruntime140.dll
0x00007ffaab690000 - 0x00007ffaab72b000 	C:\Program Files\AdoptOpenJDK\jdk-11.0.3.7-hotspot\bin\msvcp140.dll
0x00007ffa65d50000 - 0x00007ffa66804000 	C:\Program Files\AdoptOpenJDK\jdk-11.0.3.7-hotspot\bin\server\jvm.dll
0x00007ffadde80000 - 0x00007ffadde88000 	C:\Windows\System32\PSAPI.DLL
0x00007ffabcd10000 - 0x00007ffabcd19000 	C:\Windows\SYSTEM32\WSOCK32.dll
0x00007ffade2b0000 - 0x00007ffade31d000 	C:\Windows\System32\WS2_32.dll
0x00007ffac5040000 - 0x00007ffac5064000 	C:\Windows\SYSTEM32\WINMM.dll
0x00007ffad4ec0000 - 0x00007ffad4eca000 	C:\Windows\SYSTEM32\VERSION.dll
0x00007ffac5010000 - 0x00007ffac503d000 	C:\Windows\SYSTEM32\WINMMBASE.dll
0x00007ffad7b20000 - 0x00007ffad7b30000 	C:\Program Files\AdoptOpenJDK\jdk-11.0.3.7-hotspot\bin\verify.dll
0x00007ffada660000 - 0x00007ffada84d000 	C:\Windows\SYSTEM32\DBGHELP.DLL
0x00007ffac43c0000 - 0x00007ffac43ea000 	C:\Windows\SYSTEM32\dbgcore.DLL
0x00007ffac4bf0000 - 0x00007ffac4c18000 	C:\Program Files\AdoptOpenJDK\jdk-11.0.3.7-hotspot\bin\java.dll
0x00007ffad5da0000 - 0x00007ffad5db6000 	C:\Program Files\AdoptOpenJDK\jdk-11.0.3.7-hotspot\bin\zip.dll
0x00007ffad7b10000 - 0x00007ffad7b1a000 	C:\Program Files\AdoptOpenJDK\jdk-11.0.3.7-hotspot\bin\jimage.dll
0x00007ffac8510000 - 0x00007ffac8529000 	C:\Program Files\AdoptOpenJDK\jdk-11.0.3.7-hotspot\bin\net.dll
0x00007ffad5470000 - 0x00007ffad5562000 	C:\Windows\SYSTEM32\WINHTTP.dll
0x00007ffacbcb0000 - 0x00007ffacbe87000 	C:\Windows\SYSTEM32\urlmon.dll
0x00007ffad3fc0000 - 0x00007ffad4268000 	C:\Windows\SYSTEM32\iertutil.dll
0x00007ffadbc60000 - 0x00007ffadbcc7000 	C:\Windows\system32\mswsock.dll
0x00007ffac8040000 - 0x00007ffac8052000 	C:\Program Files\AdoptOpenJDK\jdk-11.0.3.7-hotspot\bin\nio.dll
0x00007ffad5d90000 - 0x00007ffad5d99000 	C:\Program Files\AdoptOpenJDK\jdk-11.0.3.7-hotspot\bin\management.dll
0x00007ffacd6b0000 - 0x00007ffacd6bb000 	C:\Program Files\AdoptOpenJDK\jdk-11.0.3.7-hotspot\bin\management_ext.dll
0x00007ffab67d0000 - 0x00007ffab67e6000 	C:\Windows\system32\napinsp.dll
0x00007ffab67b0000 - 0x00007ffab67ca000 	C:\Windows\system32\pnrpnsp.dll
0x00007ffadb9c0000 - 0x00007ffadba87000 	C:\Windows\SYSTEM32\DNSAPI.dll
0x00007ffaddd00000 - 0x00007ffaddd08000 	C:\Windows\System32\NSI.dll
0x00007ffadb980000 - 0x00007ffadb9bd000 	C:\Windows\SYSTEM32\IPHLPAPI.DLL
0x00007ffab67a0000 - 0x00007ffab67ae000 	C:\Windows\System32\winrnr.dll
0x00007ffad91c0000 - 0x00007ffad91db000 	C:\Windows\system32\NLAapi.dll
0x00007ffad5bd0000 - 0x00007ffad5be5000 	C:\Windows\system32\wshbth.dll
0x00007ffad5c00000 - 0x00007ffad5c0a000 	C:\Windows\System32\rasadhlp.dll
0x00007ffad5eb0000 - 0x00007ffad5f29000 	C:\Windows\System32\fwpuclnt.dll
0x00007ffadc450000 - 0x00007ffadc478000 	C:\Windows\SYSTEM32\USERENV.dll
0x00007ffad5f80000 - 0x00007ffad5f96000 	C:\Windows\SYSTEM32\dhcpcsvc6.DLL
0x00007ffad5f60000 - 0x00007ffad5f7c000 	C:\Windows\SYSTEM32\dhcpcsvc.DLL

dbghelp: loaded successfully - version: 4.0.5 - missing functions: none
symbol engine: initialized successfully - sym options: 0x614 - pdb path: .;C:\Program Files\AdoptOpenJDK\jdk-11.0.3.7-hotspot\bin;C:\Windows\SYSTEM32;C:\Program Files\Avecto\Privilege Guard Client;C:\Windows\WinSxS\amd64_microsoft.windows.common-controls_6595b64144ccf1df_6.0.17763.1339_none_de7015e4534c7114;C:\Program Files\McAfee\Endpoint Security\Threat Prevention\Ips;C:\Program Files\AdoptOpenJDK\jdk-11.0.3.7-hotspot\bin\server

VM Arguments:
jvm_args: -Dfile.encoding=Cp1252 
java_command: com.cartexample.app.HelloWorldSpringBoot
java_class_path (initial): C:\workspace\cartExample\target\classes;C:\iconnect\repo\org\springframework\boot\spring-boot-starter-web\2.2.10.RELEASE\spring-boot-starter-web-2.2.10.RELEASE.jar;C:\iconnect\repo\org\springframework\boot\spring-boot-starter\2.2.10.RELEASE\spring-boot-starter-2.2.10.RELEASE.jar;C:\iconnect\repo\org\springframework\boot\spring-boot\2.2.10.RELEASE\spring-boot-2.2.10.RELEASE.jar;C:\iconnect\repo\org\springframework\boot\spring-boot-autoconfigure\2.2.10.RELEASE\spring-boot-autoconfigure-2.2.10.RELEASE.jar;C:\iconnect\repo\org\springframework\boot\spring-boot-starter-logging\2.2.10.RELEASE\spring-boot-starter-logging-2.2.10.RELEASE.jar;C:\iconnect\repo\ch\qos\logback\logback-classic\1.2.3\logback-classic-1.2.3.jar;C:\iconnect\repo\ch\qos\logback\logback-core\1.2.3\logback-core-1.2.3.jar;C:\iconnect\repo\org\apache\logging\log4j\log4j-to-slf4j\2.12.1\log4j-to-slf4j-2.12.1.jar;C:\iconnect\repo\org\apache\logging\log4j\log4j-api\2.12.1\log4j-api-2.12.1.jar;C:\iconnect\repo\org\slf4j\jul-to-slf4j\1.7.30\jul-to-slf4j-1.7.30.jar;C:\iconnect\repo\jakarta\annotation\jakarta.annotation-api\1.3.5\jakarta.annotation-api-1.3.5.jar;C:\iconnect\repo\org\springframework\spring-core\5.2.9.RELEASE\spring-core-5.2.9.RELEASE.jar;C:\iconnect\repo\org\springframework\spring-jcl\5.2.9.RELEASE\spring-jcl-5.2.9.RELEASE.jar;C:\iconnect\repo\org\yaml\snakeyaml\1.25\snakeyaml-1.25.jar;C:\iconnect\repo\org\springframework\boot\spring-boot-starter-json\2.2.10.RELEASE\spring-boot-starter-json-2.2.10.RELEASE.jar;C:\iconnect\repo\com\fasterxml\jackson\core\jackson-databind\2.10.5\jackson-databind-2.10.5.jar;C:\iconnect\repo\com\fasterxml\jackson\core\jackson-annotations\2.10.5\jackson-annotations-2.10.5.jar;C:\iconnect\repo\com\fasterxml\jackson\core\jackson-core\2.10.5\jackson-core-2.10.5.jar;C:\iconnect\repo\com\fasterxml\jackson\datatype\jackson-datatype-jdk8\2.10.5\jackson-datatype-jdk8-2.10.5.jar;C:\iconnect\repo\com\fasterxml\jackson\datatype\jackson-datatype-jsr310\
Launcher Type: SUN_STANDARD

[Global flags]
     intx CICompilerCount                          = 4                                         {product} {ergonomic}
     uint ConcGCThreads                            = 2                                         {product} {ergonomic}
     uint G1ConcRefinementThreads                  = 8                                         {product} {ergonomic}
   size_t G1HeapRegionSize                         = 1048576                                   {product} {ergonomic}
    uintx GCDrainStackTargetSize                   = 64                                        {product} {ergonomic}
   size_t InitialHeapSize                          = 266338304                                 {product} {ergonomic}
   size_t MarkStackSize                            = 4194304                                   {product} {ergonomic}
   size_t MaxHeapSize                              = 4261412864                                {product} {ergonomic}
   size_t MaxNewSize                               = 2556428288                                {product} {ergonomic}
   size_t MinHeapDeltaBytes                        = 1048576                                   {product} {ergonomic}
    uintx NonNMethodCodeHeapSize                   = 5835340                                {pd product} {ergonomic}
    uintx NonProfiledCodeHeapSize                  = 122911450                              {pd product} {ergonomic}
    uintx ProfiledCodeHeapSize                     = 122911450                              {pd product} {ergonomic}
    uintx ReservedCodeCacheSize                    = 251658240                              {pd product} {ergonomic}
     bool SegmentedCodeCache                       = true                                      {product} {ergonomic}
     bool UseCompressedClassPointers               = true                                 {lp64_product} {ergonomic}
     bool UseCompressedOops                        = true                                 {lp64_product} {ergonomic}
     bool UseG1GC                                  = true                                      {product} {ergonomic}
     bool UseLargePagesIndividualAllocation        = false                                  {pd product} {ergonomic}

Logging:
Log output configuration:
 #0: stdout all=warning uptime,level,tags
 #1: stderr all=off uptime,level,tags

Environment Variables:
JAVA_HOME=C:\Program Files\AdoptOpenJDK\jdk-11.0.3.7-hotspot
PATH=C:/Program Files/AdoptOpenJDK/jdk-11.0.3.7-hotspot/bin/server;C:/Program Files/AdoptOpenJDK/jdk-11.0.3.7-hotspot/bin;C:\Program Files\AdoptOpenJDK\jdk-11.0.3.7-hotspot\bin;C:\Program Files (x86)\Common Files\Oracle\Java\javapath;C:\Windows\system32;C:\Windows;C:\Windows\System32\Wbem;C:\Windows\System32\WindowsPowerShell\v1.0\;C:\Windows\System32\OpenSSH\;C:\Program Files (x86)\Intel\Intel(R) Management Engine Components\DAL;C:\Program Files\Intel\Intel(R) Management Engine Components\DAL;C:\Program Files\Intel\WiFi\bin\;C:\Program Files\Common Files\Intel\WirelessCommon\;C:\Program Files\MySQL\MySQL Utilities 1.6\;C:\Program Files\AdoptOpenJDK\jdk-11.0.3.7-hotspot\bin;C:\apache-maven-3.6.0\bin;C:\nodejs;C:\Program Files\Git\cmd;C:\Users\P1332473\AppData\Local\Microsoft\WindowsApps;C:\Users\P1332473\AppData\Local\Programs\Microsoft VS Code\bin;C:\eclipse-java-2019-06;
USERNAME=P1332473
OS=Windows_NT
PROCESSOR_IDENTIFIER=Intel64 Family 6 Model 142 Stepping 12, GenuineIntel



---------------  S Y S T E M  ---------------

OS: Windows 10 , 64 bit Build 17763 (10.0.17763.1339)

CPU:total 8 (initial active 8) (4 cores per cpu, 2 threads per core) family 6 model 142 stepping 12, cmov, cx8, fxsr, mmx, sse, sse2, sse3, ssse3, sse4.1, sse4.2, popcnt, avx, avx2, aes, clmul, erms, 3dnowpref, lzcnt, ht, tsc, tscinvbit, bmi1, bmi2, adx, fma

Memory: 4k page, system-wide physical 16254M (1072M free)
TotalPageFile size 31401M (AvailPageFile size 5M)
current process WorkingSet (physical memory assigned to process): 288M, peak: 293M
current process commit charge ("private bytes"): 471M, peak: 473M

vm_info: OpenJDK 64-Bit Server VM (11.0.3+7) for windows-amd64 JRE (11.0.3+7), built on Apr 18 2019 09:08:27 by "" with MS VC++ 15.8 (VS2017)

END.
