2020-10-22 19:11:20.493 [main] INFO  com.cartexample.app.HelloWorldSpringBoot - We've just greeted the user!
2020-10-22 19:11:20.513 [main] WARN  com.cartexample.app.HelloWorldSpringBoot - We've just greeted the user!
2020-10-22 19:11:20.513 [main] ERROR com.cartexample.app.HelloWorldSpringBoot - We've just greeted the user!
2020-10-22 19:11:20.513 [main] FATAL com.cartexample.app.HelloWorldSpringBoot - We've just greeted the user!
2020-10-22 19:11:20.972 [background-preinit] INFO  org.hibernate.validator.internal.util.Version - HV000001: Hibernate Validator 6.0.20.Final
2020-10-22 19:11:21.092 [main] INFO  com.cartexample.app.HelloWorldSpringBoot - Starting HelloWorldSpringBoot on NCS-130720DN11 with PID 36552 (C:\workspace\cartExample\target\classes started by P1332473 in C:\workspace\cartExample)
2020-10-22 19:11:21.101 [main] INFO  com.cartexample.app.HelloWorldSpringBoot - No active profile set, falling back to default profiles: default
2020-10-22 19:11:22.791 [main] INFO  org.springframework.data.repository.config.RepositoryConfigurationDelegate - Bootstrapping Spring Data JPA repositories in DEFAULT mode.
2020-10-22 19:11:22.969 [main] INFO  org.springframework.data.repository.config.RepositoryConfigurationDelegate - Finished Spring Data repository scanning in 156ms. Found 2 JPA repository interfaces.
2020-10-22 19:11:23.490 [main] INFO  org.springframework.context.support.PostProcessorRegistrationDelegate$BeanPostProcessorChecker - Bean 'org.springframework.aop.support.DefaultBeanFactoryPointcutAdvisor#0' of type [org.springframework.aop.support.DefaultBeanFactoryPointcutAdvisor] is not eligible for getting processed by all BeanPostProcessors (for example: not eligible for auto-proxying)
2020-10-22 19:11:24.290 [main] INFO  org.springframework.boot.web.embedded.tomcat.TomcatWebServer - Tomcat initialized with port(s): 8080 (http)
2020-10-22 19:11:24.315 [main] INFO  org.apache.coyote.http11.Http11NioProtocol - Initializing ProtocolHandler ["http-nio-8080"]
2020-10-22 19:11:24.317 [main] INFO  org.apache.catalina.core.StandardService - Starting service [Tomcat]
2020-10-22 19:11:24.318 [main] INFO  org.apache.catalina.core.StandardEngine - Starting Servlet engine: [Apache Tomcat/9.0.38]
2020-10-22 19:11:24.703 [main] INFO  org.apache.catalina.core.ContainerBase.[Tomcat].[localhost].[/] - Initializing Spring embedded WebApplicationContext
2020-10-22 19:11:24.703 [main] INFO  org.springframework.boot.web.servlet.context.ServletWebServerApplicationContext - Root WebApplicationContext: initialization completed in 3512 ms
2020-10-22 19:11:25.203 [main] INFO  org.springframework.boot.autoconfigure.h2.H2ConsoleAutoConfiguration - H2 console available at '/h2'. Database available at 'jdbc:h2:file:C:/data/sample'
2020-10-22 19:11:25.428 [main] INFO  org.hibernate.jpa.internal.util.LogHelper - HHH000204: Processing PersistenceUnitInfo [name: default]
2020-10-22 19:11:25.551 [main] INFO  org.hibernate.Version - HHH000412: Hibernate ORM core version 5.4.12.Final
2020-10-22 19:11:25.744 [main] INFO  org.hibernate.annotations.common.Version - HCANN000001: Hibernate Commons Annotations {5.1.0.Final}
2020-10-22 19:11:25.934 [main] INFO  org.hibernate.dialect.Dialect - HHH000400: Using dialect: org.hibernate.dialect.H2Dialect
2020-10-22 19:11:26.950 [main] INFO  org.hibernate.engine.transaction.jta.platform.internal.JtaPlatformInitiator - HHH000490: Using JtaPlatform implementation: [org.hibernate.engine.transaction.jta.platform.internal.NoJtaPlatform]
2020-10-22 19:11:26.961 [main] INFO  org.springframework.orm.jpa.LocalContainerEntityManagerFactoryBean - Initialized JPA EntityManagerFactory for persistence unit 'default'
2020-10-22 19:11:27.601 [main] INFO  com.cartexample.app.batch.BatchConfiguration - Found Files[Ljava.io.File;@f252762
2020-10-22 19:11:27.602 [main] INFO  com.cartexample.app.batch.BatchConfiguration - ItemReader accessing file: CartItemData_20201018.txt
2020-10-22 19:11:27.602 [main] INFO  com.cartexample.app.batch.BatchConfiguration - ItemReader accessing file in: C:\workspace\cartExample\src\main\resources\BatchFile\CartItemData_20201018.txt
2020-10-22 19:11:27.802 [main] DEBUG org.springframework.transaction.interceptor.NameMatchTransactionAttributeSource - Adding transactional method [get*] with attribute [PROPAGATION_REQUIRED,ISOLATION_DEFAULT,readOnly]
2020-10-22 19:11:27.802 [main] DEBUG org.springframework.transaction.interceptor.NameMatchTransactionAttributeSource - Adding transactional method [get*] with attribute [PROPAGATION_REQUIRED,ISOLATION_DEFAULT,readOnly]
2020-10-22 19:11:27.803 [main] DEBUG org.springframework.transaction.interceptor.NameMatchTransactionAttributeSource - Adding transactional method [*] with attribute [PROPAGATION_REQUIRED,ISOLATION_DEFAULT]
2020-10-22 19:11:27.803 [main] DEBUG org.springframework.transaction.interceptor.NameMatchTransactionAttributeSource - Adding transactional method [*] with attribute [PROPAGATION_REQUIRED,ISOLATION_DEFAULT]
2020-10-22 19:11:28.099 [main] WARN  org.springframework.boot.autoconfigure.orm.jpa.JpaBaseConfiguration$JpaWebConfiguration - spring.jpa.open-in-view is enabled by default. Therefore, database queries may be performed during view rendering. Explicitly configure spring.jpa.open-in-view to disable this warning
2020-10-22 19:11:28.482 [main] INFO  org.springframework.scheduling.concurrent.ThreadPoolTaskExecutor - Initializing ExecutorService 'applicationTaskExecutor'
2020-10-22 19:11:28.837 [main] WARN  org.springframework.boot.autoconfigure.batch.JpaBatchConfigurer - JPA does not support custom isolation levels, so locks may not be taken when launching Jobs
2020-10-22 19:11:28.845 [main] INFO  org.springframework.batch.core.repository.support.JobRepositoryFactoryBean - No database type set, using meta data indicating: H2
2020-10-22 19:11:28.845 [main] INFO  org.springframework.batch.core.repository.support.JobRepositoryFactoryBean - No database type set, using meta data indicating: H2
2020-10-22 19:11:28.877 [main] DEBUG org.springframework.transaction.interceptor.NameMatchTransactionAttributeSource - Adding transactional method [*] with attribute [PROPAGATION_REQUIRED,ISOLATION_DEFAULT]
2020-10-22 19:11:28.877 [main] DEBUG org.springframework.transaction.interceptor.NameMatchTransactionAttributeSource - Adding transactional method [*] with attribute [PROPAGATION_REQUIRED,ISOLATION_DEFAULT]
2020-10-22 19:11:28.878 [main] DEBUG org.springframework.transaction.interceptor.NameMatchTransactionAttributeSource - Adding transactional method [create*] with attribute [PROPAGATION_REQUIRES_NEW,ISOLATION_DEFAULT]
2020-10-22 19:11:28.878 [main] DEBUG org.springframework.transaction.interceptor.NameMatchTransactionAttributeSource - Adding transactional method [create*] with attribute [PROPAGATION_REQUIRES_NEW,ISOLATION_DEFAULT]
2020-10-22 19:11:28.878 [main] DEBUG org.springframework.transaction.interceptor.NameMatchTransactionAttributeSource - Adding transactional method [getLastJobExecution*] with attribute [PROPAGATION_REQUIRES_NEW,ISOLATION_DEFAULT]
2020-10-22 19:11:28.878 [main] DEBUG org.springframework.transaction.interceptor.NameMatchTransactionAttributeSource - Adding transactional method [getLastJobExecution*] with attribute [PROPAGATION_REQUIRES_NEW,ISOLATION_DEFAULT]
2020-10-22 19:11:28.899 [main] INFO  org.springframework.batch.core.launch.support.SimpleJobLauncher - No TaskExecutor has been set, defaulting to synchronous executor.
2020-10-22 19:11:28.899 [main] INFO  org.springframework.batch.core.launch.support.SimpleJobLauncher - No TaskExecutor has been set, defaulting to synchronous executor.
2020-10-22 19:11:29.086 [main] INFO  org.springframework.scheduling.concurrent.ThreadPoolTaskScheduler - Initializing ExecutorService 'taskScheduler'
2020-10-22 19:11:29.168 [main] INFO  org.apache.coyote.http11.Http11NioProtocol - Starting ProtocolHandler ["http-nio-8080"]
2020-10-22 19:11:29.224 [main] INFO  org.springframework.boot.web.embedded.tomcat.TomcatWebServer - Tomcat started on port(s): 8080 (http) with context path ''
2020-10-22 19:11:29.226 [main] INFO  com.cartexample.app.HelloWorldSpringBoot - Started HelloWorldSpringBoot in 8.61 seconds (JVM running for 10.374)
2020-10-22 19:11:29.229 [main] INFO  org.springframework.boot.autoconfigure.batch.JobLauncherCommandLineRunner - Running default command line with: []
2020-10-22 19:11:29.230 [main] DEBUG org.springframework.batch.core.configuration.annotation.SimpleBatchConfiguration$ReferenceTargetSource - Initializing lazy target object
2020-10-22 19:11:29.230 [main] DEBUG org.springframework.batch.core.configuration.annotation.SimpleBatchConfiguration$ReferenceTargetSource - Initializing lazy target object
2020-10-22 19:11:29.269 [main] DEBUG org.springframework.batch.core.configuration.annotation.SimpleBatchConfiguration$ReferenceTargetSource - Initializing lazy target object
2020-10-22 19:11:29.269 [main] DEBUG org.springframework.batch.core.configuration.annotation.SimpleBatchConfiguration$ReferenceTargetSource - Initializing lazy target object
2020-10-22 19:11:29.327 [main] DEBUG org.springframework.batch.core.configuration.annotation.SimpleBatchConfiguration$ReferenceTargetSource - Initializing lazy target object
2020-10-22 19:11:29.327 [main] DEBUG org.springframework.batch.core.configuration.annotation.SimpleBatchConfiguration$ReferenceTargetSource - Initializing lazy target object
2020-10-22 19:11:29.407 [main] INFO  org.springframework.batch.core.launch.support.SimpleJobLauncher - Job: [SimpleJob: [name=LoadCartItemJob]] launched with the following parameters: [{run.id=33}]
2020-10-22 19:11:29.407 [main] INFO  org.springframework.batch.core.launch.support.SimpleJobLauncher - Job: [SimpleJob: [name=LoadCartItemJob]] launched with the following parameters: [{run.id=33}]
2020-10-22 19:11:29.411 [main] DEBUG org.springframework.batch.core.job.AbstractJob - Job execution starting: JobExecution: id=1505, version=0, startTime=null, endTime=null, lastUpdated=Thu Oct 22 19:11:29 SGT 2020, status=STARTING, exitStatus=exitCode=UNKNOWN;exitDescription=, job=[JobInstance: id=1505, version=0, Job=[LoadCartItemJob]], jobParameters=[{run.id=33}]
2020-10-22 19:11:29.411 [main] DEBUG org.springframework.batch.core.job.AbstractJob - Job execution starting: JobExecution: id=1505, version=0, startTime=null, endTime=null, lastUpdated=Thu Oct 22 19:11:29 SGT 2020, status=STARTING, exitStatus=exitCode=UNKNOWN;exitDescription=, job=[JobInstance: id=1505, version=0, Job=[LoadCartItemJob]], jobParameters=[{run.id=33}]
2020-10-22 19:11:29.533 [main] INFO  org.springframework.batch.core.job.SimpleStepHandler - Executing step: [LoadCartItemStep]
2020-10-22 19:11:29.533 [main] INFO  org.springframework.batch.core.job.SimpleStepHandler - Executing step: [LoadCartItemStep]
2020-10-22 19:11:29.545 [main] DEBUG org.springframework.batch.core.step.AbstractStep - Executing: id=1505
2020-10-22 19:11:29.545 [main] DEBUG org.springframework.batch.core.step.AbstractStep - Executing: id=1505
2020-10-22 19:11:29.573 [main] DEBUG org.springframework.batch.repeat.support.RepeatTemplate - Starting repeat context.
2020-10-22 19:11:29.573 [main] DEBUG org.springframework.batch.repeat.support.RepeatTemplate - Starting repeat context.
2020-10-22 19:11:29.574 [main] DEBUG org.springframework.batch.repeat.support.RepeatTemplate - Repeat operation about to start at count=1
2020-10-22 19:11:29.574 [main] DEBUG org.springframework.batch.repeat.support.RepeatTemplate - Repeat operation about to start at count=1
2020-10-22 19:11:29.575 [main] DEBUG org.springframework.batch.core.scope.context.StepContextRepeatCallback - Preparing chunk execution for StepContext: org.springframework.batch.core.scope.context.StepContext@2709e075
2020-10-22 19:11:29.575 [main] DEBUG org.springframework.batch.core.scope.context.StepContextRepeatCallback - Preparing chunk execution for StepContext: org.springframework.batch.core.scope.context.StepContext@2709e075
2020-10-22 19:11:29.578 [main] DEBUG org.springframework.batch.core.scope.context.StepContextRepeatCallback - Chunk execution starting: queue size=0
2020-10-22 19:11:29.578 [main] DEBUG org.springframework.batch.core.scope.context.StepContextRepeatCallback - Chunk execution starting: queue size=0
2020-10-22 19:11:29.584 [main] DEBUG org.springframework.batch.core.configuration.annotation.SimpleBatchConfiguration$ReferenceTargetSource - Initializing lazy target object
2020-10-22 19:11:29.584 [main] DEBUG org.springframework.batch.core.configuration.annotation.SimpleBatchConfiguration$ReferenceTargetSource - Initializing lazy target object
2020-10-22 19:11:29.593 [main] DEBUG org.springframework.batch.repeat.support.RepeatTemplate - Starting repeat context.
2020-10-22 19:11:29.593 [main] DEBUG org.springframework.batch.repeat.support.RepeatTemplate - Starting repeat context.
2020-10-22 19:11:29.594 [main] DEBUG org.springframework.batch.repeat.support.RepeatTemplate - Repeat operation about to start at count=1
2020-10-22 19:11:29.594 [main] DEBUG org.springframework.batch.repeat.support.RepeatTemplate - Repeat operation about to start at count=1
2020-10-22 19:11:29.597 [main] INFO  com.cartexample.app.batch.CartItemFieldSetMapper - Retrieving prodId from MapFieldSet: 2
2020-10-22 19:11:29.606 [main] DEBUG org.springframework.batch.repeat.support.RepeatTemplate - Repeat operation about to start at count=2
2020-10-22 19:11:29.606 [main] DEBUG org.springframework.batch.repeat.support.RepeatTemplate - Repeat operation about to start at count=2
2020-10-22 19:11:29.607 [main] INFO  com.cartexample.app.batch.CartItemFieldSetMapper - Retrieving prodId from MapFieldSet: 2
2020-10-22 19:11:29.608 [main] DEBUG org.springframework.batch.repeat.support.RepeatTemplate - Repeat is complete according to policy and result value.
2020-10-22 19:11:29.608 [main] DEBUG org.springframework.batch.repeat.support.RepeatTemplate - Repeat is complete according to policy and result value.
2020-10-22 19:11:29.610 [main] INFO  com.cartexample.app.batch.CartItemItemWriter - Data saved for Item: CartItem [id=0, quantity=44, product=Product [id=2, prodName=null, prodPrice=0.0]]
2020-10-22 19:11:29.717 [main] DEBUG org.hibernate.SQL - insert into cart_item (id, product_id, quantity) values (null, ?, ?)
2020-10-22 19:11:29.717 [main] DEBUG org.hibernate.SQL - insert into cart_item (id, product_id, quantity) values (null, ?, ?)
2020-10-22 19:11:29.730 [main] INFO  com.cartexample.app.batch.CartItemItemWriter - Data saved for Item: CartItem [id=0, quantity=1, product=Product [id=2, prodName=null, prodPrice=0.0]]
2020-10-22 19:11:29.731 [main] DEBUG org.hibernate.SQL - insert into cart_item (id, product_id, quantity) values (null, ?, ?)
2020-10-22 19:11:29.731 [main] DEBUG org.hibernate.SQL - insert into cart_item (id, product_id, quantity) values (null, ?, ?)
2020-10-22 19:11:29.732 [main] DEBUG org.springframework.batch.core.step.item.ChunkOrientedTasklet - Inputs not busy, ended: false
2020-10-22 19:11:29.732 [main] DEBUG org.springframework.batch.core.step.item.ChunkOrientedTasklet - Inputs not busy, ended: false
2020-10-22 19:11:29.733 [main] DEBUG org.springframework.batch.core.step.tasklet.TaskletStep - Applying contribution: [StepContribution: read=2, written=2, filtered=0, readSkips=0, writeSkips=0, processSkips=0, exitStatus=EXECUTING]
2020-10-22 19:11:29.733 [main] DEBUG org.springframework.batch.core.step.tasklet.TaskletStep - Applying contribution: [StepContribution: read=2, written=2, filtered=0, readSkips=0, writeSkips=0, processSkips=0, exitStatus=EXECUTING]
2020-10-22 19:11:29.735 [main] DEBUG org.springframework.batch.core.step.tasklet.TaskletStep - Saving step execution before commit: StepExecution: id=1505, version=1, name=LoadCartItemStep, status=STARTED, exitStatus=EXECUTING, readCount=2, filterCount=0, writeCount=2 readSkipCount=0, writeSkipCount=0, processSkipCount=0, commitCount=1, rollbackCount=0, exitDescription=
2020-10-22 19:11:29.735 [main] DEBUG org.springframework.batch.core.step.tasklet.TaskletStep - Saving step execution before commit: StepExecution: id=1505, version=1, name=LoadCartItemStep, status=STARTED, exitStatus=EXECUTING, readCount=2, filterCount=0, writeCount=2 readSkipCount=0, writeSkipCount=0, processSkipCount=0, commitCount=1, rollbackCount=0, exitDescription=
2020-10-22 19:11:29.750 [main] DEBUG org.springframework.batch.repeat.support.RepeatTemplate - Repeat operation about to start at count=2
2020-10-22 19:11:29.750 [main] DEBUG org.springframework.batch.repeat.support.RepeatTemplate - Repeat operation about to start at count=2
2020-10-22 19:11:29.750 [main] DEBUG org.springframework.batch.core.scope.context.StepContextRepeatCallback - Preparing chunk execution for StepContext: org.springframework.batch.core.scope.context.StepContext@2709e075
2020-10-22 19:11:29.750 [main] DEBUG org.springframework.batch.core.scope.context.StepContextRepeatCallback - Preparing chunk execution for StepContext: org.springframework.batch.core.scope.context.StepContext@2709e075
2020-10-22 19:11:29.750 [main] DEBUG org.springframework.batch.core.scope.context.StepContextRepeatCallback - Chunk execution starting: queue size=0
2020-10-22 19:11:29.750 [main] DEBUG org.springframework.batch.core.scope.context.StepContextRepeatCallback - Chunk execution starting: queue size=0
2020-10-22 19:11:29.753 [main] DEBUG org.springframework.batch.repeat.support.RepeatTemplate - Starting repeat context.
2020-10-22 19:11:29.753 [main] DEBUG org.springframework.batch.repeat.support.RepeatTemplate - Starting repeat context.
2020-10-22 19:11:29.753 [main] DEBUG org.springframework.batch.repeat.support.RepeatTemplate - Repeat operation about to start at count=1
2020-10-22 19:11:29.753 [main] DEBUG org.springframework.batch.repeat.support.RepeatTemplate - Repeat operation about to start at count=1
2020-10-22 19:11:29.754 [main] INFO  com.cartexample.app.batch.CartItemFieldSetMapper - Retrieving prodId from MapFieldSet: 2
2020-10-22 19:11:29.754 [main] DEBUG org.springframework.batch.repeat.support.RepeatTemplate - Repeat operation about to start at count=2
2020-10-22 19:11:29.754 [main] DEBUG org.springframework.batch.repeat.support.RepeatTemplate - Repeat operation about to start at count=2
2020-10-22 19:11:29.755 [main] INFO  com.cartexample.app.batch.CartItemFieldSetMapper - Retrieving prodId from MapFieldSet: 3
2020-10-22 19:11:29.755 [main] DEBUG org.springframework.batch.repeat.support.RepeatTemplate - Repeat is complete according to policy and result value.
2020-10-22 19:11:29.755 [main] DEBUG org.springframework.batch.repeat.support.RepeatTemplate - Repeat is complete according to policy and result value.
2020-10-22 19:11:29.755 [main] INFO  com.cartexample.app.batch.CartItemItemWriter - Data saved for Item: CartItem [id=0, quantity=1, product=Product [id=2, prodName=null, prodPrice=0.0]]
2020-10-22 19:11:29.756 [main] DEBUG org.hibernate.SQL - insert into cart_item (id, product_id, quantity) values (null, ?, ?)
2020-10-22 19:11:29.756 [main] DEBUG org.hibernate.SQL - insert into cart_item (id, product_id, quantity) values (null, ?, ?)
2020-10-22 19:11:29.759 [main] INFO  com.cartexample.app.batch.CartItemItemWriter - Data saved for Item: CartItem [id=0, quantity=23, product=Product [id=3, prodName=null, prodPrice=0.0]]
2020-10-22 19:11:29.760 [main] DEBUG org.hibernate.SQL - insert into cart_item (id, product_id, quantity) values (null, ?, ?)
2020-10-22 19:11:29.760 [main] DEBUG org.hibernate.SQL - insert into cart_item (id, product_id, quantity) values (null, ?, ?)
2020-10-22 19:11:29.762 [main] DEBUG org.springframework.batch.core.step.item.ChunkOrientedTasklet - Inputs not busy, ended: false
2020-10-22 19:11:29.762 [main] DEBUG org.springframework.batch.core.step.item.ChunkOrientedTasklet - Inputs not busy, ended: false
2020-10-22 19:11:29.763 [main] DEBUG org.springframework.batch.core.step.tasklet.TaskletStep - Applying contribution: [StepContribution: read=2, written=2, filtered=0, readSkips=0, writeSkips=0, processSkips=0, exitStatus=EXECUTING]
2020-10-22 19:11:29.763 [main] DEBUG org.springframework.batch.core.step.tasklet.TaskletStep - Applying contribution: [StepContribution: read=2, written=2, filtered=0, readSkips=0, writeSkips=0, processSkips=0, exitStatus=EXECUTING]
2020-10-22 19:11:29.764 [main] DEBUG org.springframework.batch.core.step.tasklet.TaskletStep - Saving step execution before commit: StepExecution: id=1505, version=2, name=LoadCartItemStep, status=STARTED, exitStatus=EXECUTING, readCount=4, filterCount=0, writeCount=4 readSkipCount=0, writeSkipCount=0, processSkipCount=0, commitCount=2, rollbackCount=0, exitDescription=
2020-10-22 19:11:29.764 [main] DEBUG org.springframework.batch.core.step.tasklet.TaskletStep - Saving step execution before commit: StepExecution: id=1505, version=2, name=LoadCartItemStep, status=STARTED, exitStatus=EXECUTING, readCount=4, filterCount=0, writeCount=4 readSkipCount=0, writeSkipCount=0, processSkipCount=0, commitCount=2, rollbackCount=0, exitDescription=
2020-10-22 19:11:29.767 [main] DEBUG org.springframework.batch.repeat.support.RepeatTemplate - Repeat operation about to start at count=3
2020-10-22 19:11:29.767 [main] DEBUG org.springframework.batch.repeat.support.RepeatTemplate - Repeat operation about to start at count=3
2020-10-22 19:11:29.768 [main] DEBUG org.springframework.batch.core.scope.context.StepContextRepeatCallback - Preparing chunk execution for StepContext: org.springframework.batch.core.scope.context.StepContext@2709e075
2020-10-22 19:11:29.768 [main] DEBUG org.springframework.batch.core.scope.context.StepContextRepeatCallback - Preparing chunk execution for StepContext: org.springframework.batch.core.scope.context.StepContext@2709e075
2020-10-22 19:11:29.768 [main] DEBUG org.springframework.batch.core.scope.context.StepContextRepeatCallback - Chunk execution starting: queue size=0
2020-10-22 19:11:29.768 [main] DEBUG org.springframework.batch.core.scope.context.StepContextRepeatCallback - Chunk execution starting: queue size=0
2020-10-22 19:11:29.771 [main] DEBUG org.springframework.batch.repeat.support.RepeatTemplate - Starting repeat context.
2020-10-22 19:11:29.771 [main] DEBUG org.springframework.batch.repeat.support.RepeatTemplate - Starting repeat context.
2020-10-22 19:11:29.771 [main] DEBUG org.springframework.batch.repeat.support.RepeatTemplate - Repeat operation about to start at count=1
2020-10-22 19:11:29.771 [main] DEBUG org.springframework.batch.repeat.support.RepeatTemplate - Repeat operation about to start at count=1
2020-10-22 19:11:29.772 [main] INFO  com.cartexample.app.batch.CartItemFieldSetMapper - Retrieving prodId from MapFieldSet: 2
2020-10-22 19:11:29.772 [main] DEBUG org.springframework.batch.repeat.support.RepeatTemplate - Repeat operation about to start at count=2
2020-10-22 19:11:29.772 [main] DEBUG org.springframework.batch.repeat.support.RepeatTemplate - Repeat operation about to start at count=2
2020-10-22 19:11:29.773 [main] INFO  com.cartexample.app.batch.CartItemFieldSetMapper - Retrieving prodId from MapFieldSet: 4
2020-10-22 19:11:29.773 [main] DEBUG org.springframework.batch.repeat.support.RepeatTemplate - Repeat is complete according to policy and result value.
2020-10-22 19:11:29.773 [main] DEBUG org.springframework.batch.repeat.support.RepeatTemplate - Repeat is complete according to policy and result value.
2020-10-22 19:11:29.774 [main] INFO  com.cartexample.app.batch.CartItemItemWriter - Data saved for Item: CartItem [id=0, quantity=29, product=Product [id=2, prodName=null, prodPrice=0.0]]
2020-10-22 19:11:29.775 [main] DEBUG org.hibernate.SQL - insert into cart_item (id, product_id, quantity) values (null, ?, ?)
2020-10-22 19:11:29.775 [main] DEBUG org.hibernate.SQL - insert into cart_item (id, product_id, quantity) values (null, ?, ?)
2020-10-22 19:11:29.777 [main] INFO  com.cartexample.app.batch.CartItemItemWriter - Data saved for Item: CartItem [id=0, quantity=17, product=Product [id=4, prodName=null, prodPrice=0.0]]
2020-10-22 19:11:29.778 [main] DEBUG org.hibernate.SQL - insert into cart_item (id, product_id, quantity) values (null, ?, ?)
2020-10-22 19:11:29.778 [main] DEBUG org.hibernate.SQL - insert into cart_item (id, product_id, quantity) values (null, ?, ?)
2020-10-22 19:11:29.780 [main] DEBUG org.springframework.batch.core.step.item.ChunkOrientedTasklet - Inputs not busy, ended: false
2020-10-22 19:11:29.780 [main] DEBUG org.springframework.batch.core.step.item.ChunkOrientedTasklet - Inputs not busy, ended: false
2020-10-22 19:11:29.780 [main] DEBUG org.springframework.batch.core.step.tasklet.TaskletStep - Applying contribution: [StepContribution: read=2, written=2, filtered=0, readSkips=0, writeSkips=0, processSkips=0, exitStatus=EXECUTING]
2020-10-22 19:11:29.780 [main] DEBUG org.springframework.batch.core.step.tasklet.TaskletStep - Applying contribution: [StepContribution: read=2, written=2, filtered=0, readSkips=0, writeSkips=0, processSkips=0, exitStatus=EXECUTING]
2020-10-22 19:11:29.781 [main] DEBUG org.springframework.batch.core.step.tasklet.TaskletStep - Saving step execution before commit: StepExecution: id=1505, version=3, name=LoadCartItemStep, status=STARTED, exitStatus=EXECUTING, readCount=6, filterCount=0, writeCount=6 readSkipCount=0, writeSkipCount=0, processSkipCount=0, commitCount=3, rollbackCount=0, exitDescription=
2020-10-22 19:11:29.781 [main] DEBUG org.springframework.batch.core.step.tasklet.TaskletStep - Saving step execution before commit: StepExecution: id=1505, version=3, name=LoadCartItemStep, status=STARTED, exitStatus=EXECUTING, readCount=6, filterCount=0, writeCount=6 readSkipCount=0, writeSkipCount=0, processSkipCount=0, commitCount=3, rollbackCount=0, exitDescription=
2020-10-22 19:11:29.784 [main] DEBUG org.springframework.batch.repeat.support.RepeatTemplate - Repeat operation about to start at count=4
2020-10-22 19:11:29.784 [main] DEBUG org.springframework.batch.repeat.support.RepeatTemplate - Repeat operation about to start at count=4
2020-10-22 19:11:29.785 [main] DEBUG org.springframework.batch.core.scope.context.StepContextRepeatCallback - Preparing chunk execution for StepContext: org.springframework.batch.core.scope.context.StepContext@2709e075
2020-10-22 19:11:29.785 [main] DEBUG org.springframework.batch.core.scope.context.StepContextRepeatCallback - Preparing chunk execution for StepContext: org.springframework.batch.core.scope.context.StepContext@2709e075
2020-10-22 19:11:29.785 [main] DEBUG org.springframework.batch.core.scope.context.StepContextRepeatCallback - Chunk execution starting: queue size=0
2020-10-22 19:11:29.785 [main] DEBUG org.springframework.batch.core.scope.context.StepContextRepeatCallback - Chunk execution starting: queue size=0
2020-10-22 19:11:29.786 [main] DEBUG org.springframework.batch.repeat.support.RepeatTemplate - Starting repeat context.
2020-10-22 19:11:29.786 [main] DEBUG org.springframework.batch.repeat.support.RepeatTemplate - Starting repeat context.
2020-10-22 19:11:29.786 [main] DEBUG org.springframework.batch.repeat.support.RepeatTemplate - Repeat operation about to start at count=1
2020-10-22 19:11:29.786 [main] DEBUG org.springframework.batch.repeat.support.RepeatTemplate - Repeat operation about to start at count=1
2020-10-22 19:11:29.787 [main] INFO  com.cartexample.app.batch.CartItemFieldSetMapper - Retrieving prodId from MapFieldSet: 3
2020-10-22 19:11:29.787 [main] DEBUG org.springframework.batch.repeat.support.RepeatTemplate - Repeat operation about to start at count=2
2020-10-22 19:11:29.787 [main] DEBUG org.springframework.batch.repeat.support.RepeatTemplate - Repeat operation about to start at count=2
2020-10-22 19:11:29.788 [main] INFO  com.cartexample.app.batch.CartItemFieldSetMapper - Retrieving prodId from MapFieldSet: 4
2020-10-22 19:11:29.788 [main] DEBUG org.springframework.batch.repeat.support.RepeatTemplate - Repeat is complete according to policy and result value.
2020-10-22 19:11:29.788 [main] DEBUG org.springframework.batch.repeat.support.RepeatTemplate - Repeat is complete according to policy and result value.
2020-10-22 19:11:29.788 [main] INFO  com.cartexample.app.batch.CartItemItemWriter - Data saved for Item: CartItem [id=0, quantity=37, product=Product [id=3, prodName=null, prodPrice=0.0]]
2020-10-22 19:11:29.789 [main] DEBUG org.hibernate.SQL - insert into cart_item (id, product_id, quantity) values (null, ?, ?)
2020-10-22 19:11:29.789 [main] DEBUG org.hibernate.SQL - insert into cart_item (id, product_id, quantity) values (null, ?, ?)
2020-10-22 19:11:29.792 [main] INFO  com.cartexample.app.batch.CartItemItemWriter - Data saved for Item: CartItem [id=0, quantity=28, product=Product [id=4, prodName=null, prodPrice=0.0]]
2020-10-22 19:11:29.793 [main] DEBUG org.hibernate.SQL - insert into cart_item (id, product_id, quantity) values (null, ?, ?)
2020-10-22 19:11:29.793 [main] DEBUG org.hibernate.SQL - insert into cart_item (id, product_id, quantity) values (null, ?, ?)
2020-10-22 19:11:29.794 [main] DEBUG org.springframework.batch.core.step.item.ChunkOrientedTasklet - Inputs not busy, ended: false
2020-10-22 19:11:29.794 [main] DEBUG org.springframework.batch.core.step.item.ChunkOrientedTasklet - Inputs not busy, ended: false
2020-10-22 19:11:29.795 [main] DEBUG org.springframework.batch.core.step.tasklet.TaskletStep - Applying contribution: [StepContribution: read=2, written=2, filtered=0, readSkips=0, writeSkips=0, processSkips=0, exitStatus=EXECUTING]
2020-10-22 19:11:29.795 [main] DEBUG org.springframework.batch.core.step.tasklet.TaskletStep - Applying contribution: [StepContribution: read=2, written=2, filtered=0, readSkips=0, writeSkips=0, processSkips=0, exitStatus=EXECUTING]
2020-10-22 19:11:29.797 [main] DEBUG org.springframework.batch.core.step.tasklet.TaskletStep - Saving step execution before commit: StepExecution: id=1505, version=4, name=LoadCartItemStep, status=STARTED, exitStatus=EXECUTING, readCount=8, filterCount=0, writeCount=8 readSkipCount=0, writeSkipCount=0, processSkipCount=0, commitCount=4, rollbackCount=0, exitDescription=
2020-10-22 19:11:29.797 [main] DEBUG org.springframework.batch.core.step.tasklet.TaskletStep - Saving step execution before commit: StepExecution: id=1505, version=4, name=LoadCartItemStep, status=STARTED, exitStatus=EXECUTING, readCount=8, filterCount=0, writeCount=8 readSkipCount=0, writeSkipCount=0, processSkipCount=0, commitCount=4, rollbackCount=0, exitDescription=
2020-10-22 19:11:29.800 [main] DEBUG org.springframework.batch.repeat.support.RepeatTemplate - Repeat operation about to start at count=5
2020-10-22 19:11:29.800 [main] DEBUG org.springframework.batch.repeat.support.RepeatTemplate - Repeat operation about to start at count=5
2020-10-22 19:11:29.801 [main] DEBUG org.springframework.batch.core.scope.context.StepContextRepeatCallback - Preparing chunk execution for StepContext: org.springframework.batch.core.scope.context.StepContext@2709e075
2020-10-22 19:11:29.801 [main] DEBUG org.springframework.batch.core.scope.context.StepContextRepeatCallback - Preparing chunk execution for StepContext: org.springframework.batch.core.scope.context.StepContext@2709e075
2020-10-22 19:11:29.801 [main] DEBUG org.springframework.batch.core.scope.context.StepContextRepeatCallback - Chunk execution starting: queue size=0
2020-10-22 19:11:29.801 [main] DEBUG org.springframework.batch.core.scope.context.StepContextRepeatCallback - Chunk execution starting: queue size=0
2020-10-22 19:11:29.803 [main] DEBUG org.springframework.batch.repeat.support.RepeatTemplate - Starting repeat context.
2020-10-22 19:11:29.803 [main] DEBUG org.springframework.batch.repeat.support.RepeatTemplate - Starting repeat context.
2020-10-22 19:11:29.803 [main] DEBUG org.springframework.batch.repeat.support.RepeatTemplate - Repeat operation about to start at count=1
2020-10-22 19:11:29.803 [main] DEBUG org.springframework.batch.repeat.support.RepeatTemplate - Repeat operation about to start at count=1
2020-10-22 19:11:29.804 [main] INFO  com.cartexample.app.batch.CartItemFieldSetMapper - Retrieving prodId from MapFieldSet: 4
2020-10-22 19:11:29.804 [main] DEBUG org.springframework.batch.repeat.support.RepeatTemplate - Repeat operation about to start at count=2
2020-10-22 19:11:29.804 [main] DEBUG org.springframework.batch.repeat.support.RepeatTemplate - Repeat operation about to start at count=2
2020-10-22 19:11:29.804 [main] DEBUG org.springframework.batch.repeat.support.RepeatTemplate - Repeat is complete according to policy and result value.
2020-10-22 19:11:29.804 [main] DEBUG org.springframework.batch.repeat.support.RepeatTemplate - Repeat is complete according to policy and result value.
2020-10-22 19:11:29.805 [main] INFO  com.cartexample.app.batch.CartItemItemWriter - Data saved for Item: CartItem [id=0, quantity=17, product=Product [id=4, prodName=null, prodPrice=0.0]]
2020-10-22 19:11:29.806 [main] DEBUG org.hibernate.SQL - insert into cart_item (id, product_id, quantity) values (null, ?, ?)
2020-10-22 19:11:29.806 [main] DEBUG org.hibernate.SQL - insert into cart_item (id, product_id, quantity) values (null, ?, ?)
2020-10-22 19:11:29.808 [main] DEBUG org.springframework.batch.core.step.item.ChunkOrientedTasklet - Inputs not busy, ended: true
2020-10-22 19:11:29.808 [main] DEBUG org.springframework.batch.core.step.item.ChunkOrientedTasklet - Inputs not busy, ended: true
2020-10-22 19:11:29.809 [main] DEBUG org.springframework.batch.core.step.tasklet.TaskletStep - Applying contribution: [StepContribution: read=1, written=1, filtered=0, readSkips=0, writeSkips=0, processSkips=0, exitStatus=EXECUTING]
2020-10-22 19:11:29.809 [main] DEBUG org.springframework.batch.core.step.tasklet.TaskletStep - Applying contribution: [StepContribution: read=1, written=1, filtered=0, readSkips=0, writeSkips=0, processSkips=0, exitStatus=EXECUTING]
2020-10-22 19:11:29.811 [main] DEBUG org.springframework.batch.core.step.tasklet.TaskletStep - Saving step execution before commit: StepExecution: id=1505, version=5, name=LoadCartItemStep, status=STARTED, exitStatus=EXECUTING, readCount=9, filterCount=0, writeCount=9 readSkipCount=0, writeSkipCount=0, processSkipCount=0, commitCount=5, rollbackCount=0, exitDescription=
2020-10-22 19:11:29.811 [main] DEBUG org.springframework.batch.core.step.tasklet.TaskletStep - Saving step execution before commit: StepExecution: id=1505, version=5, name=LoadCartItemStep, status=STARTED, exitStatus=EXECUTING, readCount=9, filterCount=0, writeCount=9 readSkipCount=0, writeSkipCount=0, processSkipCount=0, commitCount=5, rollbackCount=0, exitDescription=
2020-10-22 19:11:29.816 [main] DEBUG org.springframework.batch.repeat.support.RepeatTemplate - Repeat is complete according to policy and result value.
2020-10-22 19:11:29.816 [main] DEBUG org.springframework.batch.repeat.support.RepeatTemplate - Repeat is complete according to policy and result value.
2020-10-22 19:11:29.816 [main] DEBUG org.springframework.batch.core.step.AbstractStep - Step execution success: id=1505
2020-10-22 19:11:29.816 [main] DEBUG org.springframework.batch.core.step.AbstractStep - Step execution success: id=1505
2020-10-22 19:11:29.820 [main] INFO  org.springframework.batch.core.step.AbstractStep - Step: [LoadCartItemStep] executed in 273ms
2020-10-22 19:11:29.820 [main] INFO  org.springframework.batch.core.step.AbstractStep - Step: [LoadCartItemStep] executed in 273ms
2020-10-22 19:11:29.827 [main] DEBUG org.springframework.batch.core.step.AbstractStep - Step execution complete: StepExecution: id=1505, version=7, name=LoadCartItemStep, status=COMPLETED, exitStatus=COMPLETED, readCount=9, filterCount=0, writeCount=9 readSkipCount=0, writeSkipCount=0, processSkipCount=0, commitCount=5, rollbackCount=0
2020-10-22 19:11:29.827 [main] DEBUG org.springframework.batch.core.step.AbstractStep - Step execution complete: StepExecution: id=1505, version=7, name=LoadCartItemStep, status=COMPLETED, exitStatus=COMPLETED, readCount=9, filterCount=0, writeCount=9 readSkipCount=0, writeSkipCount=0, processSkipCount=0, commitCount=5, rollbackCount=0
2020-10-22 19:11:29.831 [main] DEBUG org.springframework.batch.core.job.AbstractJob - Upgrading JobExecution status: StepExecution: id=1505, version=7, name=LoadCartItemStep, status=COMPLETED, exitStatus=COMPLETED, readCount=9, filterCount=0, writeCount=9 readSkipCount=0, writeSkipCount=0, processSkipCount=0, commitCount=5, rollbackCount=0, exitDescription=
2020-10-22 19:11:29.831 [main] DEBUG org.springframework.batch.core.job.AbstractJob - Upgrading JobExecution status: StepExecution: id=1505, version=7, name=LoadCartItemStep, status=COMPLETED, exitStatus=COMPLETED, readCount=9, filterCount=0, writeCount=9 readSkipCount=0, writeSkipCount=0, processSkipCount=0, commitCount=5, rollbackCount=0, exitDescription=
2020-10-22 19:11:29.832 [main] DEBUG org.springframework.batch.core.job.AbstractJob - Job execution complete: JobExecution: id=1505, version=1, startTime=Thu Oct 22 19:11:29 SGT 2020, endTime=null, lastUpdated=Thu Oct 22 19:11:29 SGT 2020, status=COMPLETED, exitStatus=exitCode=COMPLETED;exitDescription=, job=[JobInstance: id=1505, version=0, Job=[LoadCartItemJob]], jobParameters=[{run.id=33}]
2020-10-22 19:11:29.832 [main] DEBUG org.springframework.batch.core.job.AbstractJob - Job execution complete: JobExecution: id=1505, version=1, startTime=Thu Oct 22 19:11:29 SGT 2020, endTime=null, lastUpdated=Thu Oct 22 19:11:29 SGT 2020, status=COMPLETED, exitStatus=exitCode=COMPLETED;exitDescription=, job=[JobInstance: id=1505, version=0, Job=[LoadCartItemJob]], jobParameters=[{run.id=33}]
2020-10-22 19:11:29.837 [main] INFO  org.springframework.batch.core.launch.support.SimpleJobLauncher - Job: [SimpleJob: [name=LoadCartItemJob]] completed with the following parameters: [{run.id=33}] and the following status: [COMPLETED] in 346ms
2020-10-22 19:11:29.837 [main] INFO  org.springframework.batch.core.launch.support.SimpleJobLauncher - Job: [SimpleJob: [name=LoadCartItemJob]] completed with the following parameters: [{run.id=33}] and the following status: [COMPLETED] in 346ms
2020-10-22 19:12:18.502 [http-nio-8080-exec-4] INFO  org.apache.catalina.core.ContainerBase.[Tomcat].[localhost].[/] - Initializing Spring DispatcherServlet 'dispatcherServlet'
2020-10-22 19:12:18.502 [http-nio-8080-exec-4] INFO  org.springframework.web.servlet.DispatcherServlet - Initializing Servlet 'dispatcherServlet'
2020-10-22 19:12:18.527 [http-nio-8080-exec-4] INFO  org.springframework.web.servlet.DispatcherServlet - Completed initialization in 25 ms
2020-10-22 19:12:18.561 [http-nio-8080-exec-4] INFO  com.cartexample.app.filter.CartItemFilter - RequestUrl: http://localhost:8080/api/cartItem
2020-10-22 19:12:18.978 [http-nio-8080-exec-4] DEBUG org.hibernate.SQL - select cartitem0_.id as id1_0_, cartitem0_.product_id as product_3_0_, cartitem0_.quantity as quantity2_0_ from cart_item cartitem0_
2020-10-22 19:12:18.978 [http-nio-8080-exec-4] DEBUG org.hibernate.SQL - select cartitem0_.id as id1_0_, cartitem0_.product_id as product_3_0_, cartitem0_.quantity as quantity2_0_ from cart_item cartitem0_
2020-10-22 19:12:19.004 [http-nio-8080-exec-4] DEBUG org.hibernate.SQL - select product0_.id as id1_1_0_, product0_.prod_name as prod_nam2_1_0_, product0_.prod_price as prod_pri3_1_0_ from product product0_ where product0_.id=?
2020-10-22 19:12:19.004 [http-nio-8080-exec-4] DEBUG org.hibernate.SQL - select product0_.id as id1_1_0_, product0_.prod_name as prod_nam2_1_0_, product0_.prod_price as prod_pri3_1_0_ from product product0_ where product0_.id=?
2020-10-22 19:12:19.030 [http-nio-8080-exec-4] DEBUG org.hibernate.SQL - select product0_.id as id1_1_0_, product0_.prod_name as prod_nam2_1_0_, product0_.prod_price as prod_pri3_1_0_ from product product0_ where product0_.id=?
2020-10-22 19:12:19.030 [http-nio-8080-exec-4] DEBUG org.hibernate.SQL - select product0_.id as id1_1_0_, product0_.prod_name as prod_nam2_1_0_, product0_.prod_price as prod_pri3_1_0_ from product product0_ where product0_.id=?
2020-10-22 19:12:19.031 [http-nio-8080-exec-4] DEBUG org.hibernate.SQL - select product0_.id as id1_1_0_, product0_.prod_name as prod_nam2_1_0_, product0_.prod_price as prod_pri3_1_0_ from product product0_ where product0_.id=?
2020-10-22 19:12:19.031 [http-nio-8080-exec-4] DEBUG org.hibernate.SQL - select product0_.id as id1_1_0_, product0_.prod_name as prod_nam2_1_0_, product0_.prod_price as prod_pri3_1_0_ from product product0_ where product0_.id=?
2020-10-22 19:12:19.033 [http-nio-8080-exec-4] DEBUG org.hibernate.SQL - select product0_.id as id1_1_0_, product0_.prod_name as prod_nam2_1_0_, product0_.prod_price as prod_pri3_1_0_ from product product0_ where product0_.id=?
2020-10-22 19:12:19.033 [http-nio-8080-exec-4] DEBUG org.hibernate.SQL - select product0_.id as id1_1_0_, product0_.prod_name as prod_nam2_1_0_, product0_.prod_price as prod_pri3_1_0_ from product product0_ where product0_.id=?
2020-10-22 19:12:22.043 [http-nio-8080-exec-7] INFO  com.cartexample.app.filter.CartItemFilter - RequestUrl: http://localhost:8080/api/cartItem
2020-10-22 19:12:29.030 [http-nio-8080-exec-8] INFO  com.cartexample.app.filter.CartItemFilter - RequestUrl: http://localhost:8080/h2
2020-10-22 19:12:29.042 [http-nio-8080-exec-1] INFO  com.cartexample.app.filter.CartItemFilter - RequestUrl: http://localhost:8080/h2/
2020-10-22 19:12:29.190 [http-nio-8080-exec-2] INFO  com.cartexample.app.filter.CartItemFilter - RequestUrl: http://localhost:8080/h2/stylesheet.css
2020-10-22 19:12:29.221 [http-nio-8080-exec-5] INFO  com.cartexample.app.filter.CartItemFilter - RequestUrl: http://localhost:8080/h2/login.jsp
2020-10-22 19:12:29.264 [http-nio-8080-exec-6] INFO  com.cartexample.app.filter.CartItemFilter - RequestUrl: http://localhost:8080/h2/background.gif
2020-10-22 19:12:30.447 [http-nio-8080-exec-9] INFO  com.cartexample.app.filter.CartItemFilter - RequestUrl: http://localhost:8080/h2/login.do
2020-10-22 19:12:30.501 [http-nio-8080-exec-10] INFO  com.cartexample.app.filter.CartItemFilter - RequestUrl: http://localhost:8080/h2/header.jsp
2020-10-22 19:12:30.504 [http-nio-8080-exec-3] INFO  com.cartexample.app.filter.CartItemFilter - RequestUrl: http://localhost:8080/h2/tables.do
2020-10-22 19:12:30.507 [http-nio-8080-exec-4] INFO  com.cartexample.app.filter.CartItemFilter - RequestUrl: http://localhost:8080/h2/query.jsp
2020-10-22 19:12:30.508 [http-nio-8080-exec-7] INFO  com.cartexample.app.filter.CartItemFilter - RequestUrl: http://localhost:8080/h2/help.jsp
2020-10-22 19:12:30.541 [http-nio-8080-exec-1] INFO  com.cartexample.app.filter.CartItemFilter - RequestUrl: http://localhost:8080/h2/icon_line.gif
2020-10-22 19:12:30.544 [http-nio-8080-exec-8] INFO  com.cartexample.app.filter.CartItemFilter - RequestUrl: http://localhost:8080/h2/icon_disconnect.gif
2020-10-22 19:12:30.545 [http-nio-8080-exec-2] INFO  com.cartexample.app.filter.CartItemFilter - RequestUrl: http://localhost:8080/h2/icon_refresh.gif
2020-10-22 19:12:30.546 [http-nio-8080-exec-5] INFO  com.cartexample.app.filter.CartItemFilter - RequestUrl: http://localhost:8080/h2/icon_rollback.gif
2020-10-22 19:12:30.547 [http-nio-8080-exec-6] INFO  com.cartexample.app.filter.CartItemFilter - RequestUrl: http://localhost:8080/h2/icon_commit.gif
2020-10-22 19:12:30.563 [http-nio-8080-exec-9] INFO  com.cartexample.app.filter.CartItemFilter - RequestUrl: http://localhost:8080/h2/icon_run.gif
2020-10-22 19:12:30.578 [http-nio-8080-exec-8] INFO  com.cartexample.app.filter.CartItemFilter - RequestUrl: http://localhost:8080/h2/icon_run_selected.gif
2020-10-22 19:12:30.580 [http-nio-8080-exec-10] INFO  com.cartexample.app.filter.CartItemFilter - RequestUrl: http://localhost:8080/h2/icon_history.gif
2020-10-22 19:12:30.581 [http-nio-8080-exec-7] INFO  com.cartexample.app.filter.CartItemFilter - RequestUrl: http://localhost:8080/h2/icon_help.gif
2020-10-22 19:12:30.586 [http-nio-8080-exec-9] INFO  com.cartexample.app.filter.CartItemFilter - RequestUrl: http://localhost:8080/h2/icon_stop.gif
2020-10-22 19:12:30.586 [http-nio-8080-exec-4] INFO  com.cartexample.app.filter.CartItemFilter - RequestUrl: http://localhost:8080/h2/icon_help.gif
2020-10-22 19:12:30.595 [http-nio-8080-exec-2] INFO  com.cartexample.app.filter.CartItemFilter - RequestUrl: http://localhost:8080/h2/icon_history.gif
2020-10-22 19:12:30.598 [http-nio-8080-exec-5] INFO  com.cartexample.app.filter.CartItemFilter - RequestUrl: http://localhost:8080/h2/icon_run_selected.gif
2020-10-22 19:12:30.598 [http-nio-8080-exec-8] INFO  com.cartexample.app.filter.CartItemFilter - RequestUrl: http://localhost:8080/h2/icon_run.gif
2020-10-22 19:12:30.603 [http-nio-8080-exec-1] INFO  com.cartexample.app.filter.CartItemFilter - RequestUrl: http://localhost:8080/h2/icon_disconnect.gif
2020-10-22 19:12:30.699 [http-nio-8080-exec-6] INFO  com.cartexample.app.filter.CartItemFilter - RequestUrl: http://localhost:8080/h2/tree.js
2020-10-22 19:12:30.715 [http-nio-8080-exec-10] INFO  com.cartexample.app.filter.CartItemFilter - RequestUrl: http://localhost:8080/h2/tree_minus.gif
2020-10-22 19:12:30.716 [http-nio-8080-exec-2] INFO  com.cartexample.app.filter.CartItemFilter - RequestUrl: http://localhost:8080/h2/tree_plus.gif
2020-10-22 19:12:30.719 [http-nio-8080-exec-5] INFO  com.cartexample.app.filter.CartItemFilter - RequestUrl: http://localhost:8080/h2/tree_database.gif
2020-10-22 19:12:30.719 [http-nio-8080-exec-4] INFO  com.cartexample.app.filter.CartItemFilter - RequestUrl: http://localhost:8080/h2/tree_table.gif
2020-10-22 19:12:30.721 [http-nio-8080-exec-8] INFO  com.cartexample.app.filter.CartItemFilter - RequestUrl: http://localhost:8080/h2/tree_empty.gif
2020-10-22 19:12:30.723 [http-nio-8080-exec-9] INFO  com.cartexample.app.filter.CartItemFilter - RequestUrl: http://localhost:8080/h2/tree_column.gif
2020-10-22 19:12:30.726 [http-nio-8080-exec-7] INFO  com.cartexample.app.filter.CartItemFilter - RequestUrl: http://localhost:8080/h2/tree_type.gif
2020-10-22 19:12:30.730 [http-nio-8080-exec-1] INFO  com.cartexample.app.filter.CartItemFilter - RequestUrl: http://localhost:8080/h2/tree_index_az.gif
2020-10-22 19:12:30.737 [http-nio-8080-exec-3] INFO  com.cartexample.app.filter.CartItemFilter - RequestUrl: http://localhost:8080/h2/tree_index.gif
2020-10-22 19:12:30.781 [http-nio-8080-exec-6] INFO  com.cartexample.app.filter.CartItemFilter - RequestUrl: http://localhost:8080/h2/tree_folder.gif
2020-10-22 19:12:30.787 [http-nio-8080-exec-10] INFO  com.cartexample.app.filter.CartItemFilter - RequestUrl: http://localhost:8080/h2/tree_sequences.gif
2020-10-22 19:12:30.788 [http-nio-8080-exec-2] INFO  com.cartexample.app.filter.CartItemFilter - RequestUrl: http://localhost:8080/h2/tree_sequence.gif
2020-10-22 19:12:30.798 [http-nio-8080-exec-4] INFO  com.cartexample.app.filter.CartItemFilter - RequestUrl: http://localhost:8080/h2/tree_users.gif
2020-10-22 19:12:30.801 [http-nio-8080-exec-10] INFO  com.cartexample.app.filter.CartItemFilter - RequestUrl: http://localhost:8080/h2/tree_user.gif
2020-10-22 19:12:30.803 [http-nio-8080-exec-9] INFO  com.cartexample.app.filter.CartItemFilter - RequestUrl: http://localhost:8080/h2/tree_info.gif
