2020-10-08 16:06:30.984  INFO 48544 --- [main] c.cartexample.app.service.CartItemTest   : Starting CartItemTest on NCS-130720DN11 with PID 48544 (started by P1332473 in C:\workspace\cartExample)
2020-10-08 16:06:30.986  INFO 48544 --- [main] c.cartexample.app.service.CartItemTest   : No active profile set, falling back to default profiles: default
2020-10-08 16:06:31.954  INFO 48544 --- [main] .s.d.r.c.RepositoryConfigurationDelegate : Bootstrapping Spring Data JPA repositories in DEFAULT mode.
2020-10-08 16:06:32.027  INFO 48544 --- [main] .s.d.r.c.RepositoryConfigurationDelegate : Finished Spring Data repository scanning in 63ms. Found 2 JPA repository interfaces.
2020-10-08 16:06:32.317  INFO 48544 --- [main] trationDelegate$BeanPostProcessorChecker : Bean 'org.springframework.aop.support.DefaultBeanFactoryPointcutAdvisor#0' of type [org.springframework.aop.support.DefaultBeanFactoryPointcutAdvisor] is not eligible for getting processed by all BeanPostProcessors (for example: not eligible for auto-proxying)
2020-10-08 16:06:33.115  INFO 48544 --- [main] o.s.b.w.embedded.tomcat.TomcatWebServer  : Tomcat initialized with port(s): 0 (http)
2020-10-08 16:06:33.133  INFO 48544 --- [main] o.apache.catalina.core.StandardService   : Starting service [Tomcat]
2020-10-08 16:06:33.133  INFO 48544 --- [main] org.apache.catalina.core.StandardEngine  : Starting Servlet engine: [Apache Tomcat/9.0.38]
2020-10-08 16:06:33.355  INFO 48544 --- [main] o.a.c.c.C.[Tomcat].[localhost].[/]       : Initializing Spring embedded WebApplicationContext
2020-10-08 16:06:33.356  INFO 48544 --- [main] w.s.c.ServletWebServerApplicationContext : Root WebApplicationContext: initialization completed in 2347 ms
2020-10-08 16:06:33.690  INFO 48544 --- [main] o.s.b.a.h2.H2ConsoleAutoConfiguration    : H2 console available at '/h2'. Database available at 'jdbc:h2:file:C:/data/sample'
2020-10-08 16:06:34.006  INFO 48544 --- [main] o.hibernate.jpa.internal.util.LogHelper  : HHH000204: Processing PersistenceUnitInfo [name: default]
2020-10-08 16:06:34.112  INFO 48544 --- [main] org.hibernate.Version                    : HHH000412: Hibernate ORM core version 5.4.12.Final
2020-10-08 16:06:34.271  INFO 48544 --- [main] o.hibernate.annotations.common.Version   : HCANN000001: Hibernate Commons Annotations {5.1.0.Final}
2020-10-08 16:06:34.491  INFO 48544 --- [main] org.hibernate.dialect.Dialect            : HHH000400: Using dialect: org.hibernate.dialect.H2Dialect
2020-10-08 16:06:35.896  INFO 48544 --- [main] o.h.e.t.j.p.i.JtaPlatformInitiator       : HHH000490: Using JtaPlatform implementation: [org.hibernate.engine.transaction.jta.platform.internal.NoJtaPlatform]
2020-10-08 16:06:35.908  INFO 48544 --- [main] j.LocalContainerEntityManagerFactoryBean : Initialized JPA EntityManagerFactory for persistence unit 'default'
2020-10-08 16:06:36.516  WARN 48544 --- [main] JpaBaseConfiguration$JpaWebConfiguration : spring.jpa.open-in-view is enabled by default. Therefore, database queries may be performed during view rendering. Explicitly configure spring.jpa.open-in-view to disable this warning
2020-10-08 16:06:36.911  INFO 48544 --- [main] o.s.s.concurrent.ThreadPoolTaskExecutor  : Initializing ExecutorService 'applicationTaskExecutor'
2020-10-08 16:06:37.464  INFO 48544 --- [main] o.s.b.w.embedded.tomcat.TomcatWebServer  : Tomcat started on port(s): 62284 (http) with context path ''
2020-10-08 16:06:37.467  INFO 48544 --- [main] c.cartexample.app.service.CartItemTest   : Started CartItemTest in 6.842 seconds (JVM running for 7.895)
2020-10-08 16:06:37.488  INFO 48544 --- [main] o.s.t.c.transaction.TransactionContext   : Began transaction (1) for test context [DefaultTestContext@34158c08 testClass = CartItemTest, testInstance = com.cartexample.app.service.CartItemTest@2dcd168a, testMethod = testAddCartItem@CartItemTest, testException = [null], mergedContextConfiguration = [WebMergedContextConfiguration@19e4fcac testClass = CartItemTest, locations = '{}', classes = '{class com.cartexample.app.HelloWorldSpringBoot, class com.cartexample.app.HelloWorldSpringBoot}', contextInitializerClasses = '[]', activeProfiles = '{}', propertySourceLocations = '{}', propertySourceProperties = '{org.springframework.boot.test.context.SpringBootTestContextBootstrapper=true, server.port=0}', contextCustomizers = set[org.springframework.boot.test.context.filter.ExcludeFilterContextCustomizer@76494737, org.springframework.boot.test.json.DuplicateJsonObjectContextCustomizerFactory$DuplicateJsonObjectContextCustomizer@17fc391b, org.springframework.boot.test.mock.mockito.MockitoContextCustomizer@0, org.springframework.boot.test.web.client.TestRestTemplateContextCustomizer@45d84a20, org.springframework.boot.test.autoconfigure.properties.PropertyMappingContextCustomizer@0, org.springframework.boot.test.autoconfigure.web.servlet.WebDriverContextCustomizerFactory$Customizer@3cce5371], resourceBasePath = 'src/main/webapp', contextLoader = 'org.springframework.boot.test.context.SpringBootContextLoader', parent = [null]], attributes = map['org.springframework.test.context.web.ServletTestExecutionListener.activateListener' -> false]]; transaction manager [org.springframework.jdbc.datasource.DataSourceTransactionManager@219dd935]; rollback [true]
2020-10-08 16:06:37.614  INFO 48544 --- [main] c.cartexample.app.service.CartItemTest   : Result of testAddCartItem: Cart item added
2020-10-08 16:06:37.793  INFO 48544 --- [main] c.cartexample.app.service.CartItemTest   : Result of testRetrieveAllCartItem: 6
2020-10-08 16:06:37.805  INFO 48544 --- [main] o.s.t.c.transaction.TransactionContext   : Rolled back transaction for test: [DefaultTestContext@34158c08 testClass = CartItemTest, testInstance = com.cartexample.app.service.CartItemTest@2dcd168a, testMethod = testAddCartItem@CartItemTest, testException = [null], mergedContextConfiguration = [WebMergedContextConfiguration@19e4fcac testClass = CartItemTest, locations = '{}', classes = '{class com.cartexample.app.HelloWorldSpringBoot, class com.cartexample.app.HelloWorldSpringBoot}', contextInitializerClasses = '[]', activeProfiles = '{}', propertySourceLocations = '{}', propertySourceProperties = '{org.springframework.boot.test.context.SpringBootTestContextBootstrapper=true, server.port=0}', contextCustomizers = set[org.springframework.boot.test.context.filter.ExcludeFilterContextCustomizer@76494737, org.springframework.boot.test.json.DuplicateJsonObjectContextCustomizerFactory$DuplicateJsonObjectContextCustomizer@17fc391b, org.springframework.boot.test.mock.mockito.MockitoContextCustomizer@0, org.springframework.boot.test.web.client.TestRestTemplateContextCustomizer@45d84a20, org.springframework.boot.test.autoconfigure.properties.PropertyMappingContextCustomizer@0, org.springframework.boot.test.autoconfigure.web.servlet.WebDriverContextCustomizerFactory$Customizer@3cce5371], resourceBasePath = 'src/main/webapp', contextLoader = 'org.springframework.boot.test.context.SpringBootContextLoader', parent = [null]], attributes = map['org.springframework.test.context.web.ServletTestExecutionListener.activateListener' -> false]]
2020-10-08 16:06:37.823  INFO 48544 --- [main] c.cartexample.app.service.CartItemTest   : Result of testRetrieveAllCartItem: 6
2020-10-08 16:06:37.852  INFO 48544 --- [SpringContextShutdownHook] o.s.s.concurrent.ThreadPoolTaskExecutor  : Shutting down ExecutorService 'applicationTaskExecutor'
2020-10-08 16:06:37.854  INFO 48544 --- [SpringContextShutdownHook] j.LocalContainerEntityManagerFactoryBean : Closing JPA EntityManagerFactory for persistence unit 'default'
2020-10-08 16:08:14.206  INFO 79940 --- [main] c.cartexample.app.service.CartItemTest   : Starting CartItemTest on NCS-130720DN11 with PID 79940 (started by P1332473 in C:\workspace\cartExample)
2020-10-08 16:08:14.207  INFO 79940 --- [main] c.cartexample.app.service.CartItemTest   : No active profile set, falling back to default profiles: default
2020-10-08 16:08:15.213  INFO 79940 --- [main] .s.d.r.c.RepositoryConfigurationDelegate : Bootstrapping Spring Data JPA repositories in DEFAULT mode.
2020-10-08 16:08:15.328  INFO 79940 --- [main] .s.d.r.c.RepositoryConfigurationDelegate : Finished Spring Data repository scanning in 107ms. Found 2 JPA repository interfaces.
2020-10-08 16:08:15.845  INFO 79940 --- [main] trationDelegate$BeanPostProcessorChecker : Bean 'org.springframework.aop.support.DefaultBeanFactoryPointcutAdvisor#0' of type [org.springframework.aop.support.DefaultBeanFactoryPointcutAdvisor] is not eligible for getting processed by all BeanPostProcessors (for example: not eligible for auto-proxying)
2020-10-08 16:08:16.716  INFO 79940 --- [main] o.s.b.w.embedded.tomcat.TomcatWebServer  : Tomcat initialized with port(s): 0 (http)
2020-10-08 16:08:16.727  INFO 79940 --- [main] o.apache.catalina.core.StandardService   : Starting service [Tomcat]
2020-10-08 16:08:16.727  INFO 79940 --- [main] org.apache.catalina.core.StandardEngine  : Starting Servlet engine: [Apache Tomcat/9.0.38]
2020-10-08 16:08:16.975  INFO 79940 --- [main] o.a.c.c.C.[Tomcat].[localhost].[/]       : Initializing Spring embedded WebApplicationContext
2020-10-08 16:08:16.975  INFO 79940 --- [main] w.s.c.ServletWebServerApplicationContext : Root WebApplicationContext: initialization completed in 2750 ms
2020-10-08 16:08:17.298  INFO 79940 --- [main] o.s.b.a.h2.H2ConsoleAutoConfiguration    : H2 console available at '/h2'. Database available at 'jdbc:h2:file:C:/data/sample'
2020-10-08 16:08:17.604  INFO 79940 --- [main] o.hibernate.jpa.internal.util.LogHelper  : HHH000204: Processing PersistenceUnitInfo [name: default]
2020-10-08 16:08:17.710  INFO 79940 --- [main] org.hibernate.Version                    : HHH000412: Hibernate ORM core version 5.4.12.Final
2020-10-08 16:08:17.922  INFO 79940 --- [main] o.hibernate.annotations.common.Version   : HCANN000001: Hibernate Commons Annotations {5.1.0.Final}
2020-10-08 16:08:18.078  INFO 79940 --- [main] org.hibernate.dialect.Dialect            : HHH000400: Using dialect: org.hibernate.dialect.H2Dialect
2020-10-08 16:08:18.826  INFO 79940 --- [main] o.h.e.t.j.p.i.JtaPlatformInitiator       : HHH000490: Using JtaPlatform implementation: [org.hibernate.engine.transaction.jta.platform.internal.NoJtaPlatform]
2020-10-08 16:08:18.835  INFO 79940 --- [main] j.LocalContainerEntityManagerFactoryBean : Initialized JPA EntityManagerFactory for persistence unit 'default'
2020-10-08 16:08:19.465  WARN 79940 --- [main] JpaBaseConfiguration$JpaWebConfiguration : spring.jpa.open-in-view is enabled by default. Therefore, database queries may be performed during view rendering. Explicitly configure spring.jpa.open-in-view to disable this warning
2020-10-08 16:08:19.828  INFO 79940 --- [main] o.s.s.concurrent.ThreadPoolTaskExecutor  : Initializing ExecutorService 'applicationTaskExecutor'
2020-10-08 16:08:20.387  INFO 79940 --- [main] o.s.b.w.embedded.tomcat.TomcatWebServer  : Tomcat started on port(s): 62434 (http) with context path ''
2020-10-08 16:08:20.391  INFO 79940 --- [main] c.cartexample.app.service.CartItemTest   : Started CartItemTest in 6.525 seconds (JVM running for 7.522)
2020-10-08 16:08:20.412  INFO 79940 --- [main] o.s.t.c.transaction.TransactionContext   : Began transaction (1) for test context [DefaultTestContext@34158c08 testClass = CartItemTest, testInstance = com.cartexample.app.service.CartItemTest@2dcd168a, testMethod = testAddCartItem@CartItemTest, testException = [null], mergedContextConfiguration = [WebMergedContextConfiguration@19e4fcac testClass = CartItemTest, locations = '{}', classes = '{class com.cartexample.app.HelloWorldSpringBoot, class com.cartexample.app.HelloWorldSpringBoot}', contextInitializerClasses = '[]', activeProfiles = '{}', propertySourceLocations = '{}', propertySourceProperties = '{org.springframework.boot.test.context.SpringBootTestContextBootstrapper=true, server.port=0}', contextCustomizers = set[org.springframework.boot.test.context.filter.ExcludeFilterContextCustomizer@76494737, org.springframework.boot.test.json.DuplicateJsonObjectContextCustomizerFactory$DuplicateJsonObjectContextCustomizer@17fc391b, org.springframework.boot.test.mock.mockito.MockitoContextCustomizer@0, org.springframework.boot.test.web.client.TestRestTemplateContextCustomizer@45d84a20, org.springframework.boot.test.autoconfigure.properties.PropertyMappingContextCustomizer@0, org.springframework.boot.test.autoconfigure.web.servlet.WebDriverContextCustomizerFactory$Customizer@3cce5371], resourceBasePath = 'src/main/webapp', contextLoader = 'org.springframework.boot.test.context.SpringBootContextLoader', parent = [null]], attributes = map['org.springframework.test.context.web.ServletTestExecutionListener.activateListener' -> false]]; transaction manager [org.springframework.jdbc.datasource.DataSourceTransactionManager@b889cb6]; rollback [false]
2020-10-08 16:08:20.536  INFO 79940 --- [main] c.cartexample.app.service.CartItemTest   : Result of testAddCartItem: Cart item added
2020-10-08 16:08:20.732  INFO 79940 --- [main] c.cartexample.app.service.CartItemTest   : Result of testRetrieveAllCartItem: 6
2020-10-08 16:08:20.742  INFO 79940 --- [main] o.s.t.c.transaction.TransactionContext   : Committed transaction for test: [DefaultTestContext@34158c08 testClass = CartItemTest, testInstance = com.cartexample.app.service.CartItemTest@2dcd168a, testMethod = testAddCartItem@CartItemTest, testException = [null], mergedContextConfiguration = [WebMergedContextConfiguration@19e4fcac testClass = CartItemTest, locations = '{}', classes = '{class com.cartexample.app.HelloWorldSpringBoot, class com.cartexample.app.HelloWorldSpringBoot}', contextInitializerClasses = '[]', activeProfiles = '{}', propertySourceLocations = '{}', propertySourceProperties = '{org.springframework.boot.test.context.SpringBootTestContextBootstrapper=true, server.port=0}', contextCustomizers = set[org.springframework.boot.test.context.filter.ExcludeFilterContextCustomizer@76494737, org.springframework.boot.test.json.DuplicateJsonObjectContextCustomizerFactory$DuplicateJsonObjectContextCustomizer@17fc391b, org.springframework.boot.test.mock.mockito.MockitoContextCustomizer@0, org.springframework.boot.test.web.client.TestRestTemplateContextCustomizer@45d84a20, org.springframework.boot.test.autoconfigure.properties.PropertyMappingContextCustomizer@0, org.springframework.boot.test.autoconfigure.web.servlet.WebDriverContextCustomizerFactory$Customizer@3cce5371], resourceBasePath = 'src/main/webapp', contextLoader = 'org.springframework.boot.test.context.SpringBootContextLoader', parent = [null]], attributes = map['org.springframework.test.context.web.ServletTestExecutionListener.activateListener' -> false]]
2020-10-08 16:08:20.752  INFO 79940 --- [SpringContextShutdownHook] o.s.s.concurrent.ThreadPoolTaskExecutor  : Shutting down ExecutorService 'applicationTaskExecutor'
2020-10-08 16:08:20.753  INFO 79940 --- [SpringContextShutdownHook] j.LocalContainerEntityManagerFactoryBean : Closing JPA EntityManagerFactory for persistence unit 'default'
